#
# There is insufficient memory for the Java Runtime Environment to continue.
# Native memory allocation (malloc) failed to allocate 32744 bytes for ChunkPool::allocate
# Possible reasons:
#   The system is out of physical RAM or swap space
#   The process is running with CompressedOops enabled, and the Java Heap may be blocking the growth of the native heap
# Possible solutions:
#   Reduce memory load on the system
#   Increase physical memory or swap space
#   Check if swap backing store is full
#   Decrease Java heap size (-Xmx/-Xms)
#   Decrease number of Java threads
#   Decrease Java thread stack sizes (-Xss)
#   Set larger code cache with -XX:ReservedCodeCacheSize=
#   JVM is running with Unscaled Compressed Oops mode in which the Java heap is
#     placed in the first 4GB address space. The Java Heap base address is the
#     maximum limit for the native heap growth. Please use -XX:HeapBaseMinAddress
#     to set the Java Heap base and to place the Java Heap above 4GB virtual address.
# This output file may be truncated or incomplete.
#
#  Out of Memory Error (arena.cpp:78), pid=8816, tid=9096
#
# JRE version: OpenJDK Runtime Environment Temurin-17.0.1+12 (17.0.1+12) (build 17.0.1+12)
# Java VM: OpenJDK 64-Bit Server VM Temurin-17.0.1+12 (17.0.1+12, mixed mode, tiered, compressed oops, compressed class ptrs, g1 gc, windows-amd64)
# No core dump will be written. Minidumps are not enabled by default on client versions of Windows
#

---------------  S U M M A R Y ------------

Command Line: -ea -Dfile.encoding=Cp1252 -XX:+ShowCodeDetailsInExceptionMessages org.testng.remote.RemoteTestNG -serport 56893 -protocol json -d D:\ws\E$ignlyNew\ESignlyNew\test-output C:\Users\ANAMEN~1.Y(2\AppData\Local\Temp\testng-eclipse--895917866\testng-customsuite.xml

Host: Intel(R) Core(TM) i5-4590T CPU @ 2.00GHz, 4 cores, 3G,  Windows 10 , 64 bit Build 19041 (10.0.19041.1348)
Time: Wed May 25 12:25:03 2022 India Standard Time elapsed time: 7.127418 seconds (0d 0h 0m 7s)

---------------  T H R E A D  ---------------

Current thread (0x000001d8f72f0f10):  JavaThread "C1 CompilerThread0" daemon [_thread_in_native, id=9096, stack(0x0000003cf2a00000,0x0000003cf2b00000)]


Current CompileTask:
C1:   7127 2344       3       com.google.common.collect.CollectPreconditions::checkEntryNotNull (68 bytes)

Stack: [0x0000003cf2a00000,0x0000003cf2b00000]
Native frames: (J=compiled Java code, j=interpreted, Vv=VM code, C=native code)
V  [jvm.dll+0x6744da]
V  [jvm.dll+0x82e144]
V  [jvm.dll+0x82f8ee]
V  [jvm.dll+0x82ff53]
V  [jvm.dll+0x245175]
V  [jvm.dll+0xabaa0]
V  [jvm.dll+0xabdec]
V  [jvm.dll+0x12f5ba]
V  [jvm.dll+0x139b70]
V  [jvm.dll+0x13c442]
V  [jvm.dll+0x13c844]
V  [jvm.dll+0x13fa8e]
V  [jvm.dll+0x13df9c]
V  [jvm.dll+0x146a4d]
V  [jvm.dll+0x145f75]
V  [jvm.dll+0x13d7bf]
V  [jvm.dll+0x13fdb5]
V  [jvm.dll+0x13df9c]
V  [jvm.dll+0x146a4d]
V  [jvm.dll+0x145f75]
V  [jvm.dll+0x13d7bf]
V  [jvm.dll+0x13fdb5]
V  [jvm.dll+0x13e094]
V  [jvm.dll+0x1380af]
V  [jvm.dll+0x147b36]
V  [jvm.dll+0x1337c0]
V  [jvm.dll+0x133b20]
V  [jvm.dll+0x133de6]
V  [jvm.dll+0x13327a]
V  [jvm.dll+0x134f41]
V  [jvm.dll+0x226e38]
V  [jvm.dll+0x224f7c]
V  [jvm.dll+0x7e3f5b]
V  [jvm.dll+0x7de51a]
V  [jvm.dll+0x673305]
C  [ucrtbase.dll+0x21bb2]
C  [KERNEL32.DLL+0x17034]
C  [ntdll.dll+0x52651]


---------------  P R O C E S S  ---------------

Threads class SMR info:
_java_thread_list=0x000001d8fa5df150, length=20, elements={
0x000001d8e01ed2a0, 0x000001d8f726e3d0, 0x000001d8f726f150, 0x000001d8f72b3950,
0x000001d8f72b4410, 0x000001d8f72b6dd0, 0x000001d8f72ec430, 0x000001d8f72f0520,
0x000001d8f72f0f10, 0x000001d8f7d40400, 0x000001d8f7e35c20, 0x000001d8f7e4de00,
0x000001d8f843e000, 0x000001d8f9d85730, 0x000001d8f7ef3000, 0x000001d8fa055c60,
0x000001d8fa056130, 0x000001d8f9a6a0f0, 0x000001d8fa6b1ab0, 0x000001d8fa06d450
}

Java Threads: ( => current thread )
  0x000001d8e01ed2a0 JavaThread "Forwarding newSession on session null to remote" [_thread_in_vm, id=8808, stack(0x0000003cf1c00000,0x0000003cf1d00000)]
  0x000001d8f726e3d0 JavaThread "Reference Handler" daemon [_thread_blocked, id=19232, stack(0x0000003cf2300000,0x0000003cf2400000)]
  0x000001d8f726f150 JavaThread "Finalizer" daemon [_thread_blocked, id=19820, stack(0x0000003cf2400000,0x0000003cf2500000)]
  0x000001d8f72b3950 JavaThread "Signal Dispatcher" daemon [_thread_blocked, id=26680, stack(0x0000003cf2500000,0x0000003cf2600000)]
  0x000001d8f72b4410 JavaThread "Attach Listener" daemon [_thread_blocked, id=30156, stack(0x0000003cf2600000,0x0000003cf2700000)]
  0x000001d8f72b6dd0 JavaThread "Service Thread" daemon [_thread_blocked, id=26536, stack(0x0000003cf2700000,0x0000003cf2800000)]
  0x000001d8f72ec430 JavaThread "Monitor Deflation Thread" daemon [_thread_blocked, id=16708, stack(0x0000003cf2800000,0x0000003cf2900000)]
  0x000001d8f72f0520 JavaThread "C2 CompilerThread0" daemon [_thread_in_native, id=18844, stack(0x0000003cf2900000,0x0000003cf2a00000)]
=>0x000001d8f72f0f10 JavaThread "C1 CompilerThread0" daemon [_thread_in_native, id=9096, stack(0x0000003cf2a00000,0x0000003cf2b00000)]
  0x000001d8f7d40400 JavaThread "Sweeper thread" daemon [_thread_blocked, id=16428, stack(0x0000003cf2b00000,0x0000003cf2c00000)]
  0x000001d8f7e35c20 JavaThread "Notification Thread" daemon [_thread_blocked, id=25520, stack(0x0000003cf2c00000,0x0000003cf2d00000)]
  0x000001d8f7e4de00 JavaThread "Common-Cleaner" daemon [_thread_blocked, id=12508, stack(0x0000003cf2e00000,0x0000003cf2f00000)]
  0x000001d8f843e000 JavaThread "ReaderThread" [_thread_in_native, id=28436, stack(0x0000003cf3300000,0x0000003cf3400000)]
  0x000001d8f9d85730 JavaThread "Exec Default Executor" daemon [_thread_in_native, id=28016, stack(0x0000003cf3500000,0x0000003cf3600000)]
  0x000001d8f7ef3000 JavaThread "UrlChecker-2" daemon [_thread_blocked, id=29716, stack(0x0000003cf3600000,0x0000003cf3700000)]
  0x000001d8fa055c60 JavaThread "Exec Stream Pumper" daemon [_thread_in_native, id=30088, stack(0x0000003cf3700000,0x0000003cf3800000)]
  0x000001d8fa056130 JavaThread "Exec Stream Pumper" daemon [_thread_in_native, id=24616, stack(0x0000003cf3800000,0x0000003cf3900000)]
  0x000001d8f9a6a0f0 JavaThread "Keep-Alive-Timer" daemon [_thread_blocked, id=30392, stack(0x0000003cf3400000,0x0000003cf3500000)]
  0x000001d8fa6b1ab0 JavaThread "OkHttp ConnectionPool" daemon [_thread_blocked, id=28628, stack(0x0000003cf3900000,0x0000003cf3a00000)]
  0x000001d8fa06d450 JavaThread "Okio Watchdog" daemon [_thread_blocked, id=18468, stack(0x0000003cf3a00000,0x0000003cf3b00000)]

Other Threads:
  0x000001d8e02be8f0 VMThread "VM Thread" [stack: 0x0000003cf2200000,0x0000003cf2300000] [id=15732]
  0x000001d8f7e38100 WatcherThread [stack: 0x0000003cf2d00000,0x0000003cf2e00000] [id=20896]
  0x000001d8e021ccb0 GCTaskThread "GC Thread#0" [stack: 0x0000003cf1d00000,0x0000003cf1e00000] [id=27372]
  0x000001d8f8134920 GCTaskThread "GC Thread#1" [stack: 0x0000003cf2f00000,0x0000003cf3000000] [id=18416]
  0x000001d8f83f8210 GCTaskThread "GC Thread#2" [stack: 0x0000003cf3000000,0x0000003cf3100000] [id=9668]
  0x000001d8f8289070 GCTaskThread "GC Thread#3" [stack: 0x0000003cf3100000,0x0000003cf3200000] [id=19320]
  0x000001d8e0227120 ConcurrentGCThread "G1 Main Marker" [stack: 0x0000003cf1e00000,0x0000003cf1f00000] [id=23736]
  0x000001d8e0228b40 ConcurrentGCThread "G1 Conc#0" [stack: 0x0000003cf1f00000,0x0000003cf2000000] [id=26492]
  0x000001d8e02798e0 ConcurrentGCThread "G1 Refine#0" [stack: 0x0000003cf2000000,0x0000003cf2100000] [id=24024]
  0x000001d8e027a300 ConcurrentGCThread "G1 Service" [stack: 0x0000003cf2100000,0x0000003cf2200000] [id=22588]

Threads with active compile tasks:
C2 CompilerThread0     7170 2342       4       jdk.internal.org.objectweb.asm.SymbolTable::addConstantUtf8Reference (101 bytes)
C1 CompilerThread0     7170 2344       3       com.google.common.collect.CollectPreconditions::checkEntryNotNull (68 bytes)

VM state: not at safepoint (normal execution)

VM Mutex/Monitor currently owned by a thread: None

Heap address: 0x00000000c1400000, size: 1004 MB, Compressed Oops mode: 32-bit

CDS archive(s) not mapped
Compressed class space mapped at: 0x0000000100000000-0x0000000140000000, reserved size: 1073741824
Narrow klass base: 0x0000000000000000, Narrow klass shift: 3, Narrow klass range: 0x140000000

GC Precious Log:
 CPUs: 4 total, 4 available
 Memory: 4013M
 Large Page Support: Disabled
 NUMA Support: Disabled
 Compressed Oops: Enabled (32-bit)
 Heap Region Size: 1M
 Heap Min Capacity: 8M
 Heap Initial Capacity: 64M
 Heap Max Capacity: 1004M
 Pre-touch: Disabled
 Parallel Workers: 4
 Concurrent Workers: 1
 Concurrent Refinement Workers: 4
 Periodic GC: Disabled

Heap:
 garbage-first heap   total 55296K, used 27224K [0x00000000c1400000, 0x0000000100000000)
  region size 1024K, 19 young (19456K), 5 survivors (5120K)
 Metaspace       used 24923K, committed 25088K, reserved 1073152K
  class space    used 2726K, committed 2816K, reserved 1048576K

Heap Regions: E=young(eden), S=young(survivor), O=old, HS=humongous(starts), HC=humongous(continues), CS=collection set, F=free, OA=open archive, CA=closed archive, TAMS=top-at-mark-start (previous, next)
|   0|0x00000000c1400000, 0x00000000c1500000, 0x00000000c1500000|100%|HS|  |TAMS 0x00000000c1500000, 0x00000000c1400000| Complete 
|   1|0x00000000c1500000, 0x00000000c1600000, 0x00000000c1600000|100%|HS|  |TAMS 0x00000000c1600000, 0x00000000c1500000| Complete 
|   2|0x00000000c1600000, 0x00000000c1700000, 0x00000000c1700000|100%|HC|  |TAMS 0x00000000c1700000, 0x00000000c1600000| Complete 
|   3|0x00000000c1700000, 0x00000000c1800000, 0x00000000c1800000|100%|HC|  |TAMS 0x00000000c1800000, 0x00000000c1700000| Complete 
|   4|0x00000000c1800000, 0x00000000c1900000, 0x00000000c1900000|100%| O|  |TAMS 0x00000000c1900000, 0x00000000c1800000| Untracked 
|   5|0x00000000c1900000, 0x00000000c1a00000, 0x00000000c1a00000|100%| O|  |TAMS 0x00000000c1a00000, 0x00000000c1900000| Untracked 
|   6|0x00000000c1a00000, 0x00000000c1b00000, 0x00000000c1b00000|100%| O|  |TAMS 0x00000000c1b00000, 0x00000000c1a00000| Untracked 
|   7|0x00000000c1b00000, 0x00000000c1c00000, 0x00000000c1c00000|100%| O|  |TAMS 0x00000000c1c00000, 0x00000000c1b00000| Untracked 
|   8|0x00000000c1c00000, 0x00000000c1d00000, 0x00000000c1d00000|100%| O|  |TAMS 0x00000000c1ca2c00, 0x00000000c1c00000| Untracked 
|   9|0x00000000c1d00000, 0x00000000c1db8000, 0x00000000c1e00000| 71%| O|  |TAMS 0x00000000c1d00000, 0x00000000c1d00000| Complete 
|  10|0x00000000c1e00000, 0x00000000c1e00000, 0x00000000c1f00000|  0%| F|  |TAMS 0x00000000c1e00000, 0x00000000c1e00000| Untracked 
|  11|0x00000000c1f00000, 0x00000000c1f00000, 0x00000000c2000000|  0%| F|  |TAMS 0x00000000c1f00000, 0x00000000c1f00000| Untracked 
|  12|0x00000000c2000000, 0x00000000c2000000, 0x00000000c2100000|  0%| F|  |TAMS 0x00000000c2000000, 0x00000000c2000000| Untracked 
|  13|0x00000000c2100000, 0x00000000c2100000, 0x00000000c2200000|  0%| F|  |TAMS 0x00000000c2100000, 0x00000000c2100000| Untracked 
|  14|0x00000000c2200000, 0x00000000c2200000, 0x00000000c2300000|  0%| F|  |TAMS 0x00000000c2200000, 0x00000000c2200000| Untracked 
|  15|0x00000000c2300000, 0x00000000c2300000, 0x00000000c2400000|  0%| F|  |TAMS 0x00000000c2300000, 0x00000000c2300000| Untracked 
|  16|0x00000000c2400000, 0x00000000c2400000, 0x00000000c2500000|  0%| F|  |TAMS 0x00000000c2400000, 0x00000000c2400000| Untracked 
|  17|0x00000000c2500000, 0x00000000c2500000, 0x00000000c2600000|  0%| F|  |TAMS 0x00000000c2500000, 0x00000000c2500000| Untracked 
|  18|0x00000000c2600000, 0x00000000c2600000, 0x00000000c2700000|  0%| F|  |TAMS 0x00000000c2600000, 0x00000000c2600000| Untracked 
|  19|0x00000000c2700000, 0x00000000c2700000, 0x00000000c2800000|  0%| F|  |TAMS 0x00000000c2700000, 0x00000000c2700000| Untracked 
|  20|0x00000000c2800000, 0x00000000c2800000, 0x00000000c2900000|  0%| F|  |TAMS 0x00000000c2800000, 0x00000000c2800000| Untracked 
|  21|0x00000000c2900000, 0x00000000c2900000, 0x00000000c2a00000|  0%| F|  |TAMS 0x00000000c2900000, 0x00000000c2900000| Untracked 
|  22|0x00000000c2a00000, 0x00000000c2a00000, 0x00000000c2b00000|  0%| F|  |TAMS 0x00000000c2a00000, 0x00000000c2a00000| Untracked 
|  23|0x00000000c2b00000, 0x00000000c2b00000, 0x00000000c2c00000|  0%| F|  |TAMS 0x00000000c2b00000, 0x00000000c2b00000| Untracked 
|  24|0x00000000c2c00000, 0x00000000c2c00000, 0x00000000c2d00000|  0%| F|  |TAMS 0x00000000c2c00000, 0x00000000c2c00000| Untracked 
|  25|0x00000000c2d00000, 0x00000000c2d00000, 0x00000000c2e00000|  0%| F|  |TAMS 0x00000000c2d00000, 0x00000000c2d00000| Untracked 
|  26|0x00000000c2e00000, 0x00000000c2e00000, 0x00000000c2f00000|  0%| F|  |TAMS 0x00000000c2e00000, 0x00000000c2e00000| Untracked 
|  27|0x00000000c2f00000, 0x00000000c2f00000, 0x00000000c3000000|  0%| F|  |TAMS 0x00000000c2f00000, 0x00000000c2f00000| Untracked 
|  28|0x00000000c3000000, 0x00000000c3000000, 0x00000000c3100000|  0%| F|  |TAMS 0x00000000c3000000, 0x00000000c3000000| Untracked 
|  29|0x00000000c3100000, 0x00000000c3100000, 0x00000000c3200000|  0%| F|  |TAMS 0x00000000c3100000, 0x00000000c3100000| Untracked 
|  30|0x00000000c3200000, 0x00000000c3200000, 0x00000000c3300000|  0%| F|  |TAMS 0x00000000c3200000, 0x00000000c3200000| Untracked 
|  31|0x00000000c3300000, 0x00000000c3300000, 0x00000000c3400000|  0%| F|  |TAMS 0x00000000c3300000, 0x00000000c3300000| Untracked 
|  32|0x00000000c3400000, 0x00000000c3400000, 0x00000000c3500000|  0%| F|  |TAMS 0x00000000c3400000, 0x00000000c3400000| Untracked 
|  33|0x00000000c3500000, 0x00000000c3500000, 0x00000000c3600000|  0%| F|  |TAMS 0x00000000c3500000, 0x00000000c3500000| Untracked 
|  34|0x00000000c3600000, 0x00000000c3600000, 0x00000000c3700000|  0%| F|  |TAMS 0x00000000c3600000, 0x00000000c3600000| Untracked 
|  35|0x00000000c3700000, 0x00000000c3800000, 0x00000000c3800000|100%| E|  |TAMS 0x00000000c3700000, 0x00000000c3700000| Complete 
|  36|0x00000000c3800000, 0x00000000c3900000, 0x00000000c3900000|100%| E|CS|TAMS 0x00000000c3800000, 0x00000000c3800000| Complete 
|  37|0x00000000c3900000, 0x00000000c3a00000, 0x00000000c3a00000|100%| E|  |TAMS 0x00000000c3900000, 0x00000000c3900000| Complete 
|  38|0x00000000c3a00000, 0x00000000c3b00000, 0x00000000c3b00000|100%| E|CS|TAMS 0x00000000c3a00000, 0x00000000c3a00000| Complete 
|  39|0x00000000c3b00000, 0x00000000c3c00000, 0x00000000c3c00000|100%| E|CS|TAMS 0x00000000c3b00000, 0x00000000c3b00000| Complete 
|  40|0x00000000c3c00000, 0x00000000c3d00000, 0x00000000c3d00000|100%| E|CS|TAMS 0x00000000c3c00000, 0x00000000c3c00000| Complete 
|  41|0x00000000c3d00000, 0x00000000c3e00000, 0x00000000c3e00000|100%| E|CS|TAMS 0x00000000c3d00000, 0x00000000c3d00000| Complete 
|  42|0x00000000c3e00000, 0x00000000c3f00000, 0x00000000c3f00000|100%| E|CS|TAMS 0x00000000c3e00000, 0x00000000c3e00000| Complete 
|  43|0x00000000c3f00000, 0x00000000c4000000, 0x00000000c4000000|100%| E|CS|TAMS 0x00000000c3f00000, 0x00000000c3f00000| Complete 
|  44|0x00000000c4000000, 0x00000000c40de1d0, 0x00000000c4100000| 86%| S|CS|TAMS 0x00000000c4000000, 0x00000000c4000000| Complete 
|  45|0x00000000c4100000, 0x00000000c4200000, 0x00000000c4200000|100%| S|CS|TAMS 0x00000000c4100000, 0x00000000c4100000| Complete 
|  46|0x00000000c4200000, 0x00000000c4300000, 0x00000000c4300000|100%| S|CS|TAMS 0x00000000c4200000, 0x00000000c4200000| Complete 
|  47|0x00000000c4300000, 0x00000000c4400000, 0x00000000c4400000|100%| S|CS|TAMS 0x00000000c4300000, 0x00000000c4300000| Complete 
|  48|0x00000000c4400000, 0x00000000c4500000, 0x00000000c4500000|100%| S|CS|TAMS 0x00000000c4400000, 0x00000000c4400000| Complete 
|  49|0x00000000c4500000, 0x00000000c4600000, 0x00000000c4600000|100%| E|CS|TAMS 0x00000000c4500000, 0x00000000c4500000| Complete 
|  50|0x00000000c4600000, 0x00000000c4700000, 0x00000000c4700000|100%| E|CS|TAMS 0x00000000c4600000, 0x00000000c4600000| Complete 
|  51|0x00000000c4700000, 0x00000000c4800000, 0x00000000c4800000|100%| E|CS|TAMS 0x00000000c4700000, 0x00000000c4700000| Complete 
|  52|0x00000000c4800000, 0x00000000c4900000, 0x00000000c4900000|100%| E|CS|TAMS 0x00000000c4800000, 0x00000000c4800000| Complete 
|  63|0x00000000c5300000, 0x00000000c5400000, 0x00000000c5400000|100%| E|CS|TAMS 0x00000000c5300000, 0x00000000c5300000| Complete 

Card table byte_map: [0x000001d8f2a90000,0x000001d8f2c90000] _byte_map_base: 0x000001d8f2486000

Marking Bits (Prev, Next): (CMBitMap*) 0x000001d8e021e310, (CMBitMap*) 0x000001d8e021e2d0
 Prev Bits: [0x000001d8f3e40000, 0x000001d8f4df0000)
 Next Bits: [0x000001d8f2e90000, 0x000001d8f3e40000)

Polling page: 0x000001d8df9c0000

Metaspace:

Usage:
  Non-class:     21.68 MB used.
      Class:      2.66 MB used.
       Both:     24.34 MB used.

Virtual space:
  Non-class space:       24.00 MB reserved,      21.75 MB ( 91%) committed,  3 nodes.
      Class space:        1.00 GB reserved,       2.75 MB ( <1%) committed,  1 nodes.
             Both:        1.02 GB reserved,      24.50 MB (  2%) committed. 

Chunk freelists:
   Non-Class:  2.20 MB
       Class:  1.19 MB
        Both:  3.39 MB

MaxMetaspaceSize: unlimited
CompressedClassSpaceSize: 1.00 GB
Initial GC threshold: 21.00 MB
Current GC threshold: 35.12 MB
CDS: off
MetaspaceReclaimPolicy: balanced
 - commit_granule_bytes: 65536.
 - commit_granule_words: 8192.
 - virtual_space_node_default_size: 1048576.
 - enlarge_chunks_in_place: 1.
 - new_chunks_are_fully_committed: 0.
 - uncommit_free_chunks: 1.
 - use_allocation_guard: 0.
 - handle_deallocations: 1.


Internal statistics:

num_allocs_failed_limit: 3.
num_arena_births: 170.
num_arena_deaths: 0.
num_vsnodes_births: 4.
num_vsnodes_deaths: 0.
num_space_committed: 392.
num_space_uncommitted: 0.
num_chunks_returned_to_freelist: 3.
num_chunks_taken_from_freelist: 608.
num_chunk_merges: 3.
num_chunk_splits: 376.
num_chunks_enlarged: 265.
num_purges: 0.
num_inconsistent_stats: 0.

CodeHeap 'non-profiled nmethods': size=120000Kb used=951Kb max_used=951Kb free=119048Kb
 bounds [0x000001d8eb360000, 0x000001d8eb5d0000, 0x000001d8f2890000]
CodeHeap 'profiled nmethods': size=120000Kb used=4505Kb max_used=4505Kb free=115494Kb
 bounds [0x000001d8e3e30000, 0x000001d8e42a0000, 0x000001d8eb360000]
CodeHeap 'non-nmethods': size=5760Kb used=1213Kb max_used=1253Kb free=4546Kb
 bounds [0x000001d8e3890000, 0x000001d8e3b00000, 0x000001d8e3e30000]
 total_blobs=2852 nmethods=2338 adapters=426
 compilation: enabled
              stopped_count=0, restarted_count=0
 full_count=0

Compilation events (20 events):
Event: 2.541 Thread 0x000001d8f72f0520 2335       4       java.lang.String::indexOf (18 bytes)
Event: 2.543 Thread 0x000001d8f72f0520 nmethod 2335 0x000001d8eb44bc10 code [0x000001d8eb44bda0, 0x000001d8eb44c158]
Event: 2.543 Thread 0x000001d8f72f0520 2327   !   4       java.net.URL::set (114 bytes)
Event: 2.550 Thread 0x000001d8f72f0520 nmethod 2327 0x000001d8eb44c390 code [0x000001d8eb44c500, 0x000001d8eb44cdb8]
Event: 2.550 Thread 0x000001d8f72f0f10 2336       1       java.lang.ClassLoader::getUnnamedModule (5 bytes)
Event: 2.550 Thread 0x000001d8f72f0f10 nmethod 2336 0x000001d8eb44ce90 code [0x000001d8eb44d020, 0x000001d8eb44d0f8]
Event: 2.553 Thread 0x000001d8f72f0520 2337       4       java.lang.Character::digit (6 bytes)
Event: 2.554 Thread 0x000001d8f72f0520 nmethod 2337 0x000001d8eb44d190 code [0x000001d8eb44d320, 0x000001d8eb44d438]
Event: 2.555 Thread 0x000001d8f72f0f10 2338       3       java.io.InputStream::<init> (5 bytes)
Event: 2.556 Thread 0x000001d8f72f0f10 nmethod 2338 0x000001d8e4295d10 code [0x000001d8e4295ea0, 0x000001d8e4296018]
Event: 2.560 Thread 0x000001d8f72f0f10 2339       1       java.util.concurrent.locks.AbstractQueuedSynchronizer::setState (6 bytes)
Event: 2.560 Thread 0x000001d8f72f0f10 nmethod 2339 0x000001d8eb44d590 code [0x000001d8eb44d720, 0x000001d8eb44d7f8]
Event: 2.562 Thread 0x000001d8f72f0520 2340       4       jdk.internal.loader.URLClassPath$JarLoader$2::getCodeSourceURL (8 bytes)
Event: 2.563 Thread 0x000001d8f72f0520 nmethod 2340 0x000001d8eb44d890 code [0x000001d8eb44da00, 0x000001d8eb44da98]
Event: 2.563 Thread 0x000001d8f72f0f10 2341       1       java.util.concurrent.locks.AbstractOwnableSynchronizer::setExclusiveOwnerThread (6 bytes)
Event: 2.563 Thread 0x000001d8f72f0f10 nmethod 2341 0x000001d8eb44db90 code [0x000001d8eb44dd20, 0x000001d8eb44de38]
Event: 7.121 Thread 0x000001d8f72f0520 2342       4       jdk.internal.org.objectweb.asm.SymbolTable::addConstantUtf8Reference (101 bytes)
Event: 7.122 Thread 0x000001d8f72f0f10 2343       3       java.util.ArrayList$ArrayListSpliterator::getFence (35 bytes)
Event: 7.122 Thread 0x000001d8f72f0f10 nmethod 2343 0x000001d8e4296110 code [0x000001d8e42962a0, 0x000001d8e42963f8]
Event: 7.123 Thread 0x000001d8f72f0f10 2344       3       com.google.common.collect.CollectPreconditions::checkEntryNotNull (68 bytes)

GC Heap History (8 events):
Event: 0.456 GC heap before
{Heap before GC invocations=0 (full 0):
 garbage-first heap   total 65536K, used 16384K [0x00000000c1400000, 0x0000000100000000)
  region size 1024K, 13 young (13312K), 0 survivors (0K)
 Metaspace       used 7860K, committed 7936K, reserved 1056768K
  class space    used 684K, committed 704K, reserved 1048576K
}
Event: 0.461 GC heap after
{Heap after GC invocations=1 (full 0):
 garbage-first heap   total 65536K, used 8440K [0x00000000c1400000, 0x0000000100000000)
  region size 1024K, 2 young (2048K), 2 survivors (2048K)
 Metaspace       used 7860K, committed 7936K, reserved 1056768K
  class space    used 684K, committed 704K, reserved 1048576K
}
Event: 0.869 GC heap before
{Heap before GC invocations=1 (full 0):
 garbage-first heap   total 65536K, used 21752K [0x00000000c1400000, 0x0000000100000000)
  region size 1024K, 15 young (15360K), 2 survivors (2048K)
 Metaspace       used 13773K, committed 14016K, reserved 1064960K
  class space    used 1343K, committed 1472K, reserved 1048576K
}
Event: 0.874 GC heap after
{Heap after GC invocations=2 (full 0):
 garbage-first heap   total 65536K, used 9864K [0x00000000c1400000, 0x0000000100000000)
  region size 1024K, 2 young (2048K), 2 survivors (2048K)
 Metaspace       used 13773K, committed 14016K, reserved 1064960K
  class space    used 1343K, committed 1472K, reserved 1048576K
}
Event: 1.526 GC heap before
{Heap before GC invocations=2 (full 0):
 garbage-first heap   total 65536K, used 29320K [0x00000000c1400000, 0x0000000100000000)
  region size 1024K, 21 young (21504K), 2 survivors (2048K)
 Metaspace       used 18733K, committed 18880K, reserved 1073152K
  class space    used 1916K, committed 1984K, reserved 1048576K
}
Event: 1.530 GC heap after
{Heap after GC invocations=3 (full 0):
 garbage-first heap   total 65536K, used 11915K [0x00000000c1400000, 0x0000000100000000)
  region size 1024K, 3 young (3072K), 3 survivors (3072K)
 Metaspace       used 18733K, committed 18880K, reserved 1073152K
  class space    used 1916K, committed 1984K, reserved 1048576K
}
Event: 1.834 GC heap before
{Heap before GC invocations=3 (full 0):
 garbage-first heap   total 65536K, used 26251K [0x00000000c1400000, 0x0000000100000000)
  region size 1024K, 18 young (18432K), 3 survivors (3072K)
 Metaspace       used 21348K, committed 21504K, reserved 1073152K
  class space    used 2203K, committed 2304K, reserved 1048576K
}
Event: 1.842 GC heap after
{Heap after GC invocations=4 (full 0):
 garbage-first heap   total 65536K, used 14936K [0x00000000c1400000, 0x0000000100000000)
  region size 1024K, 5 young (5120K), 5 survivors (5120K)
 Metaspace       used 21348K, committed 21504K, reserved 1073152K
  class space    used 2203K, committed 2304K, reserved 1048576K
}

Deoptimization events (20 events):
Event: 2.363 Thread 0x000001d8e01ed2a0 Uncommon trap: trap_request=0xffffff45 fr.pc=0x000001d8eb3cf294 relative=0x0000000000005234
Event: 2.363 Thread 0x000001d8e01ed2a0 Uncommon trap: reason=unstable_if action=reinterpret pc=0x000001d8eb3cf294 method=jdk.internal.org.objectweb.asm.Type.getArgumentsAndReturnSizes(Ljava/lang/String;)I @ 123 c2
Event: 2.363 Thread 0x000001d8e01ed2a0 DEOPT PACKING pc=0x000001d8eb3cf294 sp=0x0000003cf1cfb620
Event: 2.363 Thread 0x000001d8e01ed2a0 DEOPT UNPACKING pc=0x000001d8e38e23a3 sp=0x0000003cf1cfb4d8 mode 2
Event: 2.510 Thread 0x000001d8e01ed2a0 Uncommon trap: trap_request=0xffffffde fr.pc=0x000001d8eb418f3c relative=0x000000000000019c
Event: 2.510 Thread 0x000001d8e01ed2a0 Uncommon trap: reason=class_check action=maybe_recompile pc=0x000001d8eb418f3c method=java.io.DataInputStream.readByte()B @ 4 c2
Event: 2.510 Thread 0x000001d8e01ed2a0 DEOPT PACKING pc=0x000001d8eb418f3c sp=0x0000003cf1cfc040
Event: 2.510 Thread 0x000001d8e01ed2a0 DEOPT UNPACKING pc=0x000001d8e38e23a3 sp=0x0000003cf1cfc008 mode 2
Event: 2.510 Thread 0x000001d8e01ed2a0 Uncommon trap: trap_request=0xffffffde fr.pc=0x000001d8eb418f3c relative=0x000000000000019c
Event: 2.510 Thread 0x000001d8e01ed2a0 Uncommon trap: reason=class_check action=maybe_recompile pc=0x000001d8eb418f3c method=java.io.DataInputStream.readByte()B @ 4 c2
Event: 2.510 Thread 0x000001d8e01ed2a0 DEOPT PACKING pc=0x000001d8eb418f3c sp=0x0000003cf1cfc040
Event: 2.510 Thread 0x000001d8e01ed2a0 DEOPT UNPACKING pc=0x000001d8e38e23a3 sp=0x0000003cf1cfc008 mode 2
Event: 2.510 Thread 0x000001d8e01ed2a0 Uncommon trap: trap_request=0xffffffde fr.pc=0x000001d8eb418f3c relative=0x000000000000019c
Event: 2.510 Thread 0x000001d8e01ed2a0 Uncommon trap: reason=class_check action=maybe_recompile pc=0x000001d8eb418f3c method=java.io.DataInputStream.readByte()B @ 4 c2
Event: 2.510 Thread 0x000001d8e01ed2a0 DEOPT PACKING pc=0x000001d8eb418f3c sp=0x0000003cf1cfc040
Event: 2.510 Thread 0x000001d8e01ed2a0 DEOPT UNPACKING pc=0x000001d8e38e23a3 sp=0x0000003cf1cfc008 mode 2
Event: 2.510 Thread 0x000001d8e01ed2a0 Uncommon trap: trap_request=0xffffffde fr.pc=0x000001d8eb418f3c relative=0x000000000000019c
Event: 2.510 Thread 0x000001d8e01ed2a0 Uncommon trap: reason=class_check action=maybe_recompile pc=0x000001d8eb418f3c method=java.io.DataInputStream.readByte()B @ 4 c2
Event: 2.510 Thread 0x000001d8e01ed2a0 DEOPT PACKING pc=0x000001d8eb418f3c sp=0x0000003cf1cfc040
Event: 2.510 Thread 0x000001d8e01ed2a0 DEOPT UNPACKING pc=0x000001d8e38e23a3 sp=0x0000003cf1cfc008 mode 2

Classes unloaded (0 events):
No events

Classes redefined (0 events):
No events

Internal exceptions (20 events):
Event: 1.961 Thread 0x000001d8f9d85730 Exception <a 'java/lang/NoSuchMethodError'{0x00000000c461f5b8}: 'java.lang.Object java.lang.invoke.Invokers$Holder.linkToTargetMethod(java.lang.Object, long, java.lang.Object)'> (0x00000000c461f5b8) 
thrown [e:\jenkins\tmp\workspace\build\src\src\hotspot\share\interpreter\linkResolver.cpp, line 766]
Event: 1.963 Thread 0x000001d8f7ef3000 Exception <a 'java/net/ConnectException'{0x00000000c4647680}: Connection refused: no further information> (0x00000000c4647680) 
thrown [e:\jenkins\tmp\workspace\build\src\src\hotspot\share\prims\jni.cpp, line 535]
Event: 1.963 Thread 0x000001d8f7ef3000 Exception <a 'java/net/SocketException'{0x00000000c46479b8}: Socket is not connected: shutdown> (0x00000000c46479b8) 
thrown [e:\jenkins\tmp\workspace\build\src\src\hotspot\share\prims\jni.cpp, line 535]
Event: 1.983 Thread 0x000001d8f7ef3000 Exception <a 'java/net/ConnectException'{0x00000000c4648a20}: Connection refused: no further information> (0x00000000c4648a20) 
thrown [e:\jenkins\tmp\workspace\build\src\src\hotspot\share\prims\jni.cpp, line 535]
Event: 1.983 Thread 0x000001d8f7ef3000 Exception <a 'java/net/SocketException'{0x00000000c4648d58}: Socket is not connected: shutdown> (0x00000000c4648d58) 
thrown [e:\jenkins\tmp\workspace\build\src\src\hotspot\share\prims\jni.cpp, line 535]
Event: 2.013 Thread 0x000001d8f7ef3000 Exception <a 'java/net/ConnectException'{0x00000000c4649cf0}: Connection refused: no further information> (0x00000000c4649cf0) 
thrown [e:\jenkins\tmp\workspace\build\src\src\hotspot\share\prims\jni.cpp, line 535]
Event: 2.013 Thread 0x000001d8f7ef3000 Exception <a 'java/net/SocketException'{0x00000000c464a028}: Socket is not connected: shutdown> (0x00000000c464a028) 
thrown [e:\jenkins\tmp\workspace\build\src\src\hotspot\share\prims\jni.cpp, line 535]
Event: 2.058 Thread 0x000001d8f7ef3000 Exception <a 'java/net/ConnectException'{0x00000000c464afc0}: Connection refused: no further information> (0x00000000c464afc0) 
thrown [e:\jenkins\tmp\workspace\build\src\src\hotspot\share\prims\jni.cpp, line 535]
Event: 2.058 Thread 0x000001d8f7ef3000 Exception <a 'java/net/SocketException'{0x00000000c464b2f8}: Socket is not connected: shutdown> (0x00000000c464b2f8) 
thrown [e:\jenkins\tmp\workspace\build\src\src\hotspot\share\prims\jni.cpp, line 535]
Event: 2.148 Thread 0x000001d8f7ef3000 Exception <a 'java/net/ConnectException'{0x00000000c464c290}: Connection refused: no further information> (0x00000000c464c290) 
thrown [e:\jenkins\tmp\workspace\build\src\src\hotspot\share\prims\jni.cpp, line 535]
Event: 2.148 Thread 0x000001d8f7ef3000 Exception <a 'java/net/SocketException'{0x00000000c464c5c8}: Socket is not connected: shutdown> (0x00000000c464c5c8) 
thrown [e:\jenkins\tmp\workspace\build\src\src\hotspot\share\prims\jni.cpp, line 535]
Event: 2.337 Thread 0x000001d8e01ed2a0 Exception <a 'java/lang/NoSuchMethodError'{0x00000000c453ea60}: 'java.lang.Object java.lang.invoke.DirectMethodHandle$Holder.invokeInterface(java.lang.Object, java.lang.Object, java.lang.Object)'> (0x00000000c453ea60) 
thrown [e:\jenkins\tmp\workspace\build\src\src\hotspot\share\interpreter\linkResolver.cpp, line 766]
Event: 2.337 Thread 0x000001d8e01ed2a0 Exception <a 'java/lang/IncompatibleClassChangeError'{0x00000000c4542128}: Found class java.lang.Object, but interface was expected> (0x00000000c4542128) 
thrown [e:\jenkins\tmp\workspace\build\src\src\hotspot\share\interpreter\linkResolver.cpp, line 833]
Event: 2.338 Thread 0x000001d8e01ed2a0 Exception <a 'java/lang/NoSuchMethodError'{0x00000000c454a910}: 'int java.lang.invoke.DirectMethodHandle$Holder.invokeSpecialIFC(java.lang.Object, java.lang.Object, java.lang.Object, java.lang.Object)'> (0x00000000c454a910) 
thrown [e:\jenkins\tmp\workspace\build\src\src\hotspot\share\interpreter\linkResolver.cpp, line 766]
Event: 2.339 Thread 0x000001d8e01ed2a0 Exception <a 'java/lang/NoSuchMethodError'{0x00000000c4552e98}: 'java.lang.Object java.lang.invoke.DirectMethodHandle$Holder.invokeInterface(java.lang.Object, java.lang.Object, java.lang.Object, java.lang.Object)'> (0x00000000c4552e98) 
thrown [e:\jenkins\tmp\workspace\build\src\src\hotspot\share\interpreter\linkResolver.cpp, line 766]
Event: 2.352 Thread 0x000001d8e01ed2a0 Exception <a 'java/lang/NoSuchMethodError'{0x00000000c45e8740}: 'void java.lang.invoke.DirectMethodHandle$Holder.invokeInterface(java.lang.Object, java.lang.Object, java.lang.Object)'> (0x00000000c45e8740) 
thrown [e:\jenkins\tmp\workspace\build\src\src\hotspot\share\interpreter\linkResolver.cpp, line 766]
Event: 2.363 Thread 0x000001d8e01ed2a0 Exception <a 'java/lang/NoSuchMethodError'{0x00000000c3f47268}: 'double java.lang.invoke.DirectMethodHandle$Holder.invokeVirtual(java.lang.Object, java.lang.Object)'> (0x00000000c3f47268) 
thrown [e:\jenkins\tmp\workspace\build\src\src\hotspot\share\interpreter\linkResolver.cpp, line 766]
Event: 2.363 Thread 0x000001d8e01ed2a0 Exception <a 'java/lang/NoSuchMethodError'{0x00000000c3f4d9e8}: 'float java.lang.invoke.DirectMethodHandle$Holder.invokeVirtual(java.lang.Object, java.lang.Object)'> (0x00000000c3f4d9e8) 
thrown [e:\jenkins\tmp\workspace\build\src\src\hotspot\share\interpreter\linkResolver.cpp, line 766]
Event: 2.364 Thread 0x000001d8e01ed2a0 Exception <a 'java/lang/NoSuchMethodError'{0x00000000c3f569a8}: 'long java.lang.invoke.DirectMethodHandle$Holder.invokeVirtual(java.lang.Object, java.lang.Object)'> (0x00000000c3f569a8) 
thrown [e:\jenkins\tmp\workspace\build\src\src\hotspot\share\interpreter\linkResolver.cpp, line 766]
Event: 2.395 Thread 0x000001d8e01ed2a0 Exception <a 'java/lang/NoSuchMethodError'{0x00000000c3e85e98}: 'void java.lang.invoke.DirectMethodHandle$Holder.invokeSpecial(java.lang.Object, java.lang.Object, java.lang.Object, java.lang.Object, java.lang.Object)'> (0x00000000c3e85e98) 
thrown [e:\jenkins\tmp\workspace\build\src\src\hotspot\share\interpreter\linkResolver.cpp, line 766]

VM Operations (20 events):
Event: 1.526 Executing VM operation: G1CollectForAllocation
Event: 1.530 Executing VM operation: G1CollectForAllocation done
Event: 1.620 Executing VM operation: HandshakeAllThreads
Event: 1.620 Executing VM operation: HandshakeAllThreads done
Event: 1.834 Executing VM operation: CollectForMetadataAllocation
Event: 1.844 Executing VM operation: CollectForMetadataAllocation done
Event: 1.850 Executing VM operation: G1Concurrent
Event: 1.852 Executing VM operation: G1Concurrent done
Event: 1.854 Executing VM operation: G1Concurrent
Event: 1.855 Executing VM operation: G1Concurrent done
Event: 2.321 Executing VM operation: HandshakeAllThreads
Event: 2.322 Executing VM operation: HandshakeAllThreads done
Event: 2.322 Executing VM operation: HandshakeAllThreads
Event: 2.322 Executing VM operation: HandshakeAllThreads done
Event: 2.324 Executing VM operation: HandshakeAllThreads
Event: 2.324 Executing VM operation: HandshakeAllThreads done
Event: 2.526 Executing VM operation: HandshakeAllThreads
Event: 2.526 Executing VM operation: HandshakeAllThreads done
Event: 3.528 Executing VM operation: Cleanup
Event: 3.529 Executing VM operation: Cleanup done

Events (20 events):
Event: 2.515 loading class jdk/internal/icu/impl/Trie2$UTrie2Header
Event: 2.515 loading class jdk/internal/icu/impl/Trie2$UTrie2Header done
Event: 2.525 loading class java/util/ConcurrentModificationException
Event: 2.525 loading class java/util/ConcurrentModificationException done
Event: 2.525 loading class java/util/ArrayList$ListItr
Event: 2.526 loading class java/util/ArrayList$ListItr done
Event: 2.530 loading class java/util/jar/JarVerifier
Event: 2.531 loading class java/util/jar/JarVerifier done
Event: 2.531 loading class java/security/CodeSigner
Event: 2.531 loading class java/security/CodeSigner done
Event: 2.533 loading class java/util/regex/Pattern$StartS
Event: 2.533 loading class java/util/regex/Pattern$StartS done
Event: 2.540 loading class java/net/ProtocolException
Event: 2.540 loading class java/net/ProtocolException done
Event: 2.540 loading class java/net/HttpRetryException
Event: 2.540 loading class java/net/HttpRetryException done
Event: 2.551 loading class java/net/UnknownServiceException
Event: 2.551 loading class java/net/UnknownServiceException done
Event: 2.559 Thread 0x000001d8fa6b1ab0 Thread added: 0x000001d8fa6b1ab0
Event: 2.564 Thread 0x000001d8fa06d450 Thread added: 0x000001d8fa06d450


Dynamic libraries:
0x00007ff6952b0000 - 0x00007ff6952be000 	C:\Users\anamendra.y(2420)\.p2\pool\plugins\org.eclipse.justj.openjdk.hotspot.jre.full.win32.x86_64_17.0.1.v20211116-1657\jre\bin\javaw.exe
0x00007fffdb210000 - 0x00007fffdb405000 	C:\WINDOWS\SYSTEM32\ntdll.dll
0x00007fffdb040000 - 0x00007fffdb0fe000 	C:\WINDOWS\System32\KERNEL32.DLL
0x00007fffd8d70000 - 0x00007fffd9038000 	C:\WINDOWS\System32\KERNELBASE.dll
0x00007fffd9120000 - 0x00007fffd9220000 	C:\WINDOWS\System32\ucrtbase.dll
0x00007fffd4450000 - 0x00007fffd4468000 	C:\Users\anamendra.y(2420)\.p2\pool\plugins\org.eclipse.justj.openjdk.hotspot.jre.full.win32.x86_64_17.0.1.v20211116-1657\jre\bin\jli.dll
0x00007fffc9970000 - 0x00007fffc9989000 	C:\Users\anamendra.y(2420)\.p2\pool\plugins\org.eclipse.justj.openjdk.hotspot.jre.full.win32.x86_64_17.0.1.v20211116-1657\jre\bin\VCRUNTIME140.dll
0x00007fffda930000 - 0x00007fffdaad1000 	C:\WINDOWS\System32\USER32.dll
0x00007fffd9220000 - 0x00007fffd9242000 	C:\WINDOWS\System32\win32u.dll
0x00007fffc71f0000 - 0x00007fffc748a000 	C:\WINDOWS\WinSxS\amd64_microsoft.windows.common-controls_6595b64144ccf1df_6.0.19041.1110_none_60b5254171f9507e\COMCTL32.dll
0x00007fffd9da0000 - 0x00007fffd9dcb000 	C:\WINDOWS\System32\GDI32.dll
0x00007fffd89b0000 - 0x00007fffd8abd000 	C:\WINDOWS\System32\gdi32full.dll
0x00007fffda890000 - 0x00007fffda92e000 	C:\WINDOWS\System32\msvcrt.dll
0x00007fffd8c20000 - 0x00007fffd8cbd000 	C:\WINDOWS\System32\msvcp_win.dll
0x00007fffd9b00000 - 0x00007fffd9b30000 	C:\WINDOWS\System32\IMM32.DLL
0x00007fffc9ff0000 - 0x00007fffc9ffc000 	C:\Users\anamendra.y(2420)\.p2\pool\plugins\org.eclipse.justj.openjdk.hotspot.jre.full.win32.x86_64_17.0.1.v20211116-1657\jre\bin\vcruntime140_1.dll
0x00007fffb94c0000 - 0x00007fffb9551000 	C:\Users\anamendra.y(2420)\.p2\pool\plugins\org.eclipse.justj.openjdk.hotspot.jre.full.win32.x86_64_17.0.1.v20211116-1657\jre\bin\msvcp140.dll
0x00007fffa7bd0000 - 0x00007fffa8816000 	C:\Users\anamendra.y(2420)\.p2\pool\plugins\org.eclipse.justj.openjdk.hotspot.jre.full.win32.x86_64_17.0.1.v20211116-1657\jre\bin\server\jvm.dll
0x00007fffdacd0000 - 0x00007fffdad7c000 	C:\WINDOWS\System32\ADVAPI32.dll
0x00007fffd9ce0000 - 0x00007fffd9d7b000 	C:\WINDOWS\System32\sechost.dll
0x00007fffdade0000 - 0x00007fffdaf0a000 	C:\WINDOWS\System32\RPCRT4.dll
0x00007fffdb030000 - 0x00007fffdb038000 	C:\WINDOWS\System32\PSAPI.DLL
0x00007fffc45e0000 - 0x00007fffc45e9000 	C:\WINDOWS\SYSTEM32\WSOCK32.dll
0x00007fffd9330000 - 0x00007fffd939b000 	C:\WINDOWS\System32\WS2_32.dll
0x00007fffd7700000 - 0x00007fffd770a000 	C:\WINDOWS\SYSTEM32\VERSION.dll
0x00007fffca710000 - 0x00007fffca737000 	C:\WINDOWS\SYSTEM32\WINMM.dll
0x00007fffd76c0000 - 0x00007fffd76d2000 	C:\WINDOWS\SYSTEM32\kernel.appcore.dll
0x00007fffd5fa0000 - 0x00007fffd5faa000 	C:\Users\anamendra.y(2420)\.p2\pool\plugins\org.eclipse.justj.openjdk.hotspot.jre.full.win32.x86_64_17.0.1.v20211116-1657\jre\bin\jimage.dll
0x00007fffc3e30000 - 0x00007fffc4014000 	C:\WINDOWS\SYSTEM32\DBGHELP.DLL
0x00007fffc3d60000 - 0x00007fffc3d8c000 	C:\WINDOWS\SYSTEM32\dbgcore.DLL
0x00007fffd9040000 - 0x00007fffd90c2000 	C:\WINDOWS\System32\bcryptPrimitives.dll
0x00007fffc97a0000 - 0x00007fffc97c5000 	C:\Users\anamendra.y(2420)\.p2\pool\plugins\org.eclipse.justj.openjdk.hotspot.jre.full.win32.x86_64_17.0.1.v20211116-1657\jre\bin\java.dll
0x00007fffd0a50000 - 0x00007fffd0a68000 	C:\Users\anamendra.y(2420)\.p2\pool\plugins\org.eclipse.justj.openjdk.hotspot.jre.full.win32.x86_64_17.0.1.v20211116-1657\jre\bin\zip.dll
0x00007fffd93a0000 - 0x00007fffd9ae4000 	C:\WINDOWS\System32\SHELL32.dll
0x00007fffd6840000 - 0x00007fffd6fd4000 	C:\WINDOWS\SYSTEM32\windows.storage.dll
0x00007fffda380000 - 0x00007fffda6d5000 	C:\WINDOWS\System32\combase.dll
0x00007fffd82a0000 - 0x00007fffd82ce000 	C:\WINDOWS\SYSTEM32\Wldp.dll
0x00007fffdab70000 - 0x00007fffdac1d000 	C:\WINDOWS\System32\SHCORE.dll
0x00007fffd9b90000 - 0x00007fffd9be5000 	C:\WINDOWS\System32\shlwapi.dll
0x00007fffd8860000 - 0x00007fffd887f000 	C:\WINDOWS\SYSTEM32\profapi.dll
0x00007fffc91a0000 - 0x00007fffc91b9000 	C:\Users\anamendra.y(2420)\.p2\pool\plugins\org.eclipse.justj.openjdk.hotspot.jre.full.win32.x86_64_17.0.1.v20211116-1657\jre\bin\net.dll
0x00007fffcc2e0000 - 0x00007fffcc3ec000 	C:\WINDOWS\SYSTEM32\WINHTTP.dll
0x00007fffd8000000 - 0x00007fffd806a000 	C:\WINDOWS\system32\mswsock.dll
0x00007fffc8fe0000 - 0x00007fffc8ff5000 	C:\Users\anamendra.y(2420)\.p2\pool\plugins\org.eclipse.justj.openjdk.hotspot.jre.full.win32.x86_64_17.0.1.v20211116-1657\jre\bin\nio.dll
0x00007fffd7d30000 - 0x00007fffd7dfb000 	C:\WINDOWS\SYSTEM32\DNSAPI.dll
0x00007fffd7cf0000 - 0x00007fffd7d2b000 	C:\WINDOWS\SYSTEM32\IPHLPAPI.DLL
0x00007fffd9af0000 - 0x00007fffd9af8000 	C:\WINDOWS\System32\NSI.dll
0x00007fffd18d0000 - 0x00007fffd18da000 	C:\Windows\System32\rasadhlp.dll
0x00007fffd3cb0000 - 0x00007fffd3d2f000 	C:\WINDOWS\System32\fwpuclnt.dll
0x00007fffd8980000 - 0x00007fffd89a7000 	C:\WINDOWS\System32\bcrypt.dll
0x00007fffd8200000 - 0x00007fffd8218000 	C:\WINDOWS\SYSTEM32\CRYPTSP.dll
0x00007fffd7980000 - 0x00007fffd79b4000 	C:\WINDOWS\system32\rsaenh.dll
0x00007fffd87b0000 - 0x00007fffd87de000 	C:\WINDOWS\SYSTEM32\USERENV.dll
0x00007fffd81f0000 - 0x00007fffd81fc000 	C:\WINDOWS\SYSTEM32\CRYPTBASE.dll
0x00007fffd3bc0000 - 0x00007fffd3bd7000 	C:\WINDOWS\SYSTEM32\dhcpcsvc6.DLL
0x00007fffd3aa0000 - 0x00007fffd3abd000 	C:\WINDOWS\SYSTEM32\dhcpcsvc.DLL
0x00007fffd4440000 - 0x00007fffd4450000 	C:\Users\anamendra.y(2420)\.p2\pool\plugins\org.eclipse.justj.openjdk.hotspot.jre.full.win32.x86_64_17.0.1.v20211116-1657\jre\bin\verify.dll
0x00007fffc9ac0000 - 0x00007fffc9ace000 	C:\Users\anamendra.y(2420)\.p2\pool\plugins\org.eclipse.justj.openjdk.hotspot.jre.full.win32.x86_64_17.0.1.v20211116-1657\jre\bin\sunmscapi.dll
0x00007fffd8ac0000 - 0x00007fffd8c16000 	C:\WINDOWS\System32\CRYPT32.dll
0x00007fffd8310000 - 0x00007fffd8337000 	C:\WINDOWS\SYSTEM32\ncrypt.dll
0x00007fffd82d0000 - 0x00007fffd830b000 	C:\WINDOWS\SYSTEM32\NTASN1.dll

dbghelp: loaded successfully - version: 4.0.5 - missing functions: none
symbol engine: initialized successfully - sym options: 0x614 - pdb path: .;C:\Users\anamendra.y(2420)\.p2\pool\plugins\org.eclipse.justj.openjdk.hotspot.jre.full.win32.x86_64_17.0.1.v20211116-1657\jre\bin;C:\WINDOWS\SYSTEM32;C:\WINDOWS\WinSxS\amd64_microsoft.windows.common-controls_6595b64144ccf1df_6.0.19041.1110_none_60b5254171f9507e;C:\Users\anamendra.y(2420)\.p2\pool\plugins\org.eclipse.justj.openjdk.hotspot.jre.full.win32.x86_64_17.0.1.v20211116-1657\jre\bin\server

VM Arguments:
jvm_args: -ea -Dfile.encoding=Cp1252 -XX:+ShowCodeDetailsInExceptionMessages 
java_command: org.testng.remote.RemoteTestNG -serport 56893 -protocol json -d D:\ws\E$ignlyNew\ESignlyNew\test-output C:\Users\ANAMEN~1.Y(2\AppData\Local\Temp\testng-eclipse--895917866\testng-customsuite.xml
java_class_path (initial): C:\Users\anamendra.y(2420)\eclipse\java-2021-12\eclipse\configuration\org.eclipse.osgi\429\0\.cp\lib\testng-remote.jar;D:\ws\E$ignlyNew\ESignlyNew\target\test-classes;D:\ws\E$ignlyNew\ESignlyNew\target\classes;C:\Users\anamendra.y(2420)\.p2\pool\plugins\org.testng_7.4.0.r202105021533.jar;C:\Users\anamendra.y(2420)\.p2\pool\plugins\com.beust.jcommander_1.78.0.jar;C:\Users\anamendra.y(2420)\.p2\pool\plugins\org.apache-extras.beanshell.bsh_2.0.0.b6.jar;C:\Users\anamendra.y(2420)\.p2\pool\plugins\org.yaml.snakeyaml_1.21.0.jar;C:\Users\anamendra.y(2420)\.p2\pool\plugins\org.webjars.jquery_3.5.1.jar;C:\Users\anamendra.y(2420)\.m2\repository\org\seleniumhq\selenium\selenium-java\3.14.0\selenium-java-3.14.0.jar;C:\Users\anamendra.y(2420)\.m2\repository\org\seleniumhq\selenium\selenium-api\3.14.0\selenium-api-3.14.0.jar;C:\Users\anamendra.y(2420)\.m2\repository\org\seleniumhq\selenium\selenium-chrome-driver\3.14.0\selenium-chrome-driver-3.14.0.jar;C:\Users\anamendra.y(2420)\.m2\repository\org\seleniumhq\selenium\selenium-edge-driver\3.14.0\selenium-edge-driver-3.14.0.jar;C:\Users\anamendra.y(2420)\.m2\repository\org\seleniumhq\selenium\selenium-firefox-driver\3.14.0\selenium-firefox-driver-3.14.0.jar;C:\Users\anamendra.y(2420)\.m2\repository\org\seleniumhq\selenium\selenium-ie-driver\3.14.0\selenium-ie-driver-3.14.0.jar;C:\Users\anamendra.y(2420)\.m2\repository\org\seleniumhq\selenium\selenium-opera-driver\3.14.0\selenium-opera-driver-3.14.0.jar;C:\Users\anamendra.y(2420)\.m2\repository\org\seleniumhq\selenium\selenium-remote-driver\3.14.0\selenium-remote-driver-3.14.0.jar;C:\Users\anamendra.y(2420)\.m2\repository\org\seleniumhq\selenium\selenium-safari-driver\3.14.0\selenium-safari-driver-3.14.0.jar;C:\Users\anamendra.y(2420)\.m2\repository\org\seleniumhq\selenium\selenium-support\3.14.0\selenium-support-3.14.0.jar;C:\Users\anamendra.y(2420)\.m2\repository\net\bytebuddy\byte-buddy\1.8.15\byte-buddy-1.8.15.jar;C:\Users\anamendra.y(2420)\.m2\repos
Launcher Type: SUN_STANDARD

[Global flags]
     intx CICompilerCount                          = 3                                         {product} {ergonomic}
     uint ConcGCThreads                            = 1                                         {product} {ergonomic}
     uint G1ConcRefinementThreads                  = 4                                         {product} {ergonomic}
   size_t G1HeapRegionSize                         = 1048576                                   {product} {ergonomic}
    uintx GCDrainStackTargetSize                   = 64                                        {product} {ergonomic}
   size_t InitialHeapSize                          = 67108864                                  {product} {ergonomic}
   size_t MarkStackSize                            = 4194304                                   {product} {ergonomic}
   size_t MaxHeapSize                              = 1052770304                                {product} {ergonomic}
   size_t MaxNewSize                               = 631242752                                 {product} {ergonomic}
   size_t MinHeapDeltaBytes                        = 1048576                                   {product} {ergonomic}
   size_t MinHeapSize                              = 8388608                                   {product} {ergonomic}
    uintx NonNMethodCodeHeapSize                   = 5832780                                {pd product} {ergonomic}
    uintx NonProfiledCodeHeapSize                  = 122912730                              {pd product} {ergonomic}
    uintx ProfiledCodeHeapSize                     = 122912730                              {pd product} {ergonomic}
    uintx ReservedCodeCacheSize                    = 251658240                              {pd product} {ergonomic}
     bool SegmentedCodeCache                       = true                                      {product} {ergonomic}
     bool ShowCodeDetailsInExceptionMessages       = true                                   {manageable} {command line}
   size_t SoftMaxHeapSize                          = 1052770304                             {manageable} {ergonomic}
     bool UseCompressedClassPointers               = true                           {product lp64_product} {ergonomic}
     bool UseCompressedOops                        = true                           {product lp64_product} {ergonomic}
     bool UseG1GC                                  = true                                      {product} {ergonomic}
     bool UseLargePagesIndividualAllocation        = false                                  {pd product} {ergonomic}

Logging:
Log output configuration:
 #0: stdout all=warning uptime,level,tags
 #1: stderr all=off uptime,level,tags

Environment Variables:
JAVA_HOME=C:\Program Files\Java\jdk1.8.0_121
PATH=C:/Users/anamendra.y(2420)/.p2/pool/plugins/org.eclipse.justj.openjdk.hotspot.jre.full.win32.x86_64_17.0.1.v20211116-1657/jre/bin/server;C:/Users/anamendra.y(2420)/.p2/pool/plugins/org.eclipse.justj.openjdk.hotspot.jre.full.win32.x86_64_17.0.1.v20211116-1657/jre/bin;C:\Users\anamendra.y(2420)\AppData\Local\Programs\Python\Python310\Scripts\;C:\Users\anamendra.y(2420)\AppData\Local\Programs\Python\Python310\;"C:\Program Files\nodejs\node_modules\npm\bin;C:\Users\anamendra.y(2420)\Downloads\chromedriver_win32;";C:\Python310\;C:\Program Files (x86)\Common Files\Oracle\Java\javapath;C:\Program Files (x86)\Intel\iCLS Client\;C:\Users\anamendra.y(2420)\Downloads\apache-ant-1.10.12\apache-ant-1.10.12\bin;C:\Program Files\Intel\iCLS Client\;C:\WINDOWS\system32;C:\WINDOWS;C:\WINDOWS\System32\Wbem;C:\WINDOWS\System32\WindowsPowerShell\v1.0\;C:\Program Files\Intel\Intel(R) Management Engine Components\DAL;C:\Program Files\Intel\Intel(R) Management Engine Components\IPT;C:\Program Files (x86)\Intel\Intel(R) Management Engine Components\DAL;C:\Program Files (x86)\Intel\Intel(R) Management Engine Components\IPT;C:\WINDOWS\System32\OpenSSH\;D:\Softwares\apache-jmeter-5.2.1\apache-jmeter-5.2.1\bin;D:\apache-ant-1.9.9\bin;C:\Program Files\nodejs\;C:\Program Files (x86)\dotnet\;C:\ProgramData\chocolatey\bin;C:\Program Files\Microsoft VS Code\bin;C:\apache-maven-3.8.4\bin;C:\Program Files\dotnet\;C:\Program Files\Java\jdk1.8.0_121\bin;C:\Users\anamendra.y(2420)\AppData\Local\Android\Sdk\tools;C:\Users\anamendra.y(2420)\AppData\Local\Android\Sdk\platform-tools;C:\Program Files\Git\cmd;C:\Users\anamendra.y(2420)\AppData\Local\Microsoft\WindowsApps;C:\Users\anamendra.y(2420)\AppData\Roaming\npm;C:\Users\anamendra.y(2420)\.dotnet\tools;C:\WINDOWS\system32;
USERNAME=anamendra.y(2420)
OS=Windows_NT
PROCESSOR_IDENTIFIER=Intel64 Family 6 Model 60 Stepping 3, GenuineIntel



---------------  S Y S T E M  ---------------

OS:
 Windows 10 , 64 bit Build 19041 (10.0.19041.1348)
OS uptime: 13 days 1:20 hours

CPU: total 4 (initial active 4) (4 cores per cpu, 1 threads per core) family 6 model 60 stepping 3 microcode 0x27, cx8, cmov, fxsr, mmx, sse, sse2, sse3, ssse3, sse4.1, sse4.2, popcnt, lzcnt, tsc, tscinvbit, avx, avx2, aes, erms, clmul, bmi1, bmi2, fma, vzeroupper, clflush

Memory: 4k page, system-wide physical 4013M (315M free)
TotalPageFile size 10526M (AvailPageFile size 106M)
current process WorkingSet (physical memory assigned to process): 100M, peak: 114M
current process commit charge ("private bytes"): 153M, peak: 174M

vm_info: OpenJDK 64-Bit Server VM (17.0.1+12) for windows-amd64 JRE (17.0.1+12), built on Oct 20 2021 07:42:55 by "" with MS VC++ 16.7 (VS2019)

END.
