#
# There is insufficient memory for the Java Runtime Environment to continue.
# Native memory allocation (malloc) failed to allocate 32744 bytes for ChunkPool::allocate
# Possible reasons:
#   The system is out of physical RAM or swap space
#   The process is running with CompressedOops enabled, and the Java Heap may be blocking the growth of the native heap
# Possible solutions:
#   Reduce memory load on the system
#   Increase physical memory or swap space
#   Check if swap backing store is full
#   Decrease Java heap size (-Xmx/-Xms)
#   Decrease number of Java threads
#   Decrease Java thread stack sizes (-Xss)
#   Set larger code cache with -XX:ReservedCodeCacheSize=
#   JVM is running with Unscaled Compressed Oops mode in which the Java heap is
#     placed in the first 4GB address space. The Java Heap base address is the
#     maximum limit for the native heap growth. Please use -XX:HeapBaseMinAddress
#     to set the Java Heap base and to place the Java Heap above 4GB virtual address.
# This output file may be truncated or incomplete.
#
#  Out of Memory Error (arena.cpp:78), pid=28924, tid=28600
#
# JRE version: OpenJDK Runtime Environment Temurin-17.0.1+12 (17.0.1+12) (build 17.0.1+12)
# Java VM: OpenJDK 64-Bit Server VM Temurin-17.0.1+12 (17.0.1+12, mixed mode, tiered, compressed oops, compressed class ptrs, g1 gc, windows-amd64)
# No core dump will be written. Minidumps are not enabled by default on client versions of Windows
#

---------------  S U M M A R Y ------------

Command Line: -ea -Dfile.encoding=Cp1252 -XX:+ShowCodeDetailsInExceptionMessages org.testng.remote.RemoteTestNG -serport 63577 -protocol json -d D:\ws\E$ignlyNew\ESignlyNew\test-output C:\Users\ANAMEN~1.Y(2\AppData\Local\Temp\testng-eclipse--258959222\testng-customsuite.xml

Host: Intel(R) Core(TM) i5-4590T CPU @ 2.00GHz, 4 cores, 3G,  Windows 10 , 64 bit Build 19041 (10.0.19041.1348)
Time: Wed May 25 12:23:05 2022 India Standard Time elapsed time: 15.744353 seconds (0d 0h 0m 15s)

---------------  T H R E A D  ---------------

Current thread (0x00000120e1aee920):  JavaThread "C1 CompilerThread0" daemon [_thread_in_native, id=28600, stack(0x00000014ce600000,0x00000014ce700000)]


Current CompileTask:
C1:  15744 2392       3       org.openqa.selenium.support.AbstractFindByBuilder::assertValidFindBy (488 bytes)

Stack: [0x00000014ce600000,0x00000014ce700000]
Native frames: (J=compiled Java code, j=interpreted, Vv=VM code, C=native code)
V  [jvm.dll+0x6744da]
V  [jvm.dll+0x82e144]
V  [jvm.dll+0x82f8ee]
V  [jvm.dll+0x82ff53]
V  [jvm.dll+0x245175]
V  [jvm.dll+0xabaa0]
V  [jvm.dll+0xabdec]
V  [jvm.dll+0x179aac]
V  [jvm.dll+0x176dfe]
V  [jvm.dll+0x1771aa]
V  [jvm.dll+0x17a2e3]
V  [jvm.dll+0x1342b3]
V  [jvm.dll+0x133baf]
V  [jvm.dll+0x133de6]
V  [jvm.dll+0x13327a]
V  [jvm.dll+0x134f41]
V  [jvm.dll+0x226e38]
V  [jvm.dll+0x224f7c]
V  [jvm.dll+0x7e3f5b]
V  [jvm.dll+0x7de51a]
V  [jvm.dll+0x673305]
C  [ucrtbase.dll+0x21bb2]
C  [KERNEL32.DLL+0x17034]
C  [ntdll.dll+0x52651]


---------------  P R O C E S S  ---------------

Threads class SMR info:
_java_thread_list=0x00000120e4123da0, length=19, elements={
0x00000120c8aeaf20, 0x00000120e1a6bf10, 0x00000120e1a6d000, 0x00000120e1adf010,
0x00000120e1ae0bd0, 0x00000120e1ae37a0, 0x00000120e1ae7020, 0x00000120e1aede80,
0x00000120e1aee920, 0x00000120e1b04650, 0x00000120e1ae96a0, 0x00000120e1ae74f0,
0x00000120e1ae7e90, 0x00000120e1ae79c0, 0x00000120e1ae6b50, 0x00000120e1ae9b70,
0x00000120e1ae61b0, 0x00000120e1ae8830, 0x00000120e1ae8d00
}

Java Threads: ( => current thread )
  0x00000120c8aeaf20 JavaThread "Forwarding sendKeysToElement on session 6d458c85971d6d0716159efae9dcd931 to remote" [_thread_in_native, id=25080, stack(0x00000014cd800000,0x00000014cd900000)]
  0x00000120e1a6bf10 JavaThread "Reference Handler" daemon [_thread_blocked, id=7044, stack(0x00000014cdf00000,0x00000014ce000000)]
  0x00000120e1a6d000 JavaThread "Finalizer" daemon [_thread_blocked, id=30084, stack(0x00000014ce000000,0x00000014ce100000)]
  0x00000120e1adf010 JavaThread "Signal Dispatcher" daemon [_thread_blocked, id=20916, stack(0x00000014ce100000,0x00000014ce200000)]
  0x00000120e1ae0bd0 JavaThread "Attach Listener" daemon [_thread_blocked, id=13288, stack(0x00000014ce200000,0x00000014ce300000)]
  0x00000120e1ae37a0 JavaThread "Service Thread" daemon [_thread_blocked, id=22328, stack(0x00000014ce300000,0x00000014ce400000)]
  0x00000120e1ae7020 JavaThread "Monitor Deflation Thread" daemon [_thread_blocked, id=29336, stack(0x00000014ce400000,0x00000014ce500000)]
  0x00000120e1aede80 JavaThread "C2 CompilerThread0" daemon [_thread_in_native, id=26404, stack(0x00000014ce500000,0x00000014ce600000)]
=>0x00000120e1aee920 JavaThread "C1 CompilerThread0" daemon [_thread_in_native, id=28600, stack(0x00000014ce600000,0x00000014ce700000)]
  0x00000120e1b04650 JavaThread "Sweeper thread" daemon [_thread_blocked, id=29428, stack(0x00000014ce700000,0x00000014ce800000)]
  0x00000120e1ae96a0 JavaThread "Notification Thread" daemon [_thread_blocked, id=9768, stack(0x00000014ce800000,0x00000014ce900000)]
  0x00000120e1ae74f0 JavaThread "Common-Cleaner" daemon [_thread_blocked, id=29748, stack(0x00000014cea00000,0x00000014ceb00000)]
  0x00000120e1ae7e90 JavaThread "ReaderThread" [_thread_in_native, id=27364, stack(0x00000014cef00000,0x00000014cf000000)]
  0x00000120e1ae79c0 JavaThread "Exec Default Executor" daemon [_thread_in_native, id=29236, stack(0x00000014cf000000,0x00000014cf100000)]
  0x00000120e1ae6b50 JavaThread "UrlChecker-2" daemon [_thread_blocked, id=27936, stack(0x00000014cf100000,0x00000014cf200000)]
  0x00000120e1ae9b70 JavaThread "Exec Stream Pumper" daemon [_thread_in_native, id=8128, stack(0x00000014cf200000,0x00000014cf300000)]
  0x00000120e1ae61b0 JavaThread "Exec Stream Pumper" daemon [_thread_in_native, id=29856, stack(0x00000014cf300000,0x00000014cf400000)]
  0x00000120e1ae8830 JavaThread "OkHttp ConnectionPool" daemon [_thread_blocked, id=8300, stack(0x00000014cf500000,0x00000014cf600000)]
  0x00000120e1ae8d00 JavaThread "Okio Watchdog" daemon [_thread_blocked, id=23336, stack(0x00000014cf600000,0x00000014cf700000)]

Other Threads:
  0x00000120e1a87270 VMThread "VM Thread" [stack: 0x00000014cde00000,0x00000014cdf00000] [id=28472]
  0x00000120e2648030 WatcherThread [stack: 0x00000014ce900000,0x00000014cea00000] [id=27480]
  0x00000120c8b18710 GCTaskThread "GC Thread#0" [stack: 0x00000014cd900000,0x00000014cda00000] [id=28836]
  0x00000120e2a745d0 GCTaskThread "GC Thread#1" [stack: 0x00000014ceb00000,0x00000014cec00000] [id=28744]
  0x00000120e2da0070 GCTaskThread "GC Thread#2" [stack: 0x00000014cec00000,0x00000014ced00000] [id=29516]
  0x00000120e2a3aa50 GCTaskThread "GC Thread#3" [stack: 0x00000014ced00000,0x00000014cee00000] [id=29136]
  0x00000120c8b227e0 ConcurrentGCThread "G1 Main Marker" [stack: 0x00000014cda00000,0x00000014cdb00000] [id=20960]
  0x00000120c8b23ad0 ConcurrentGCThread "G1 Conc#0" [stack: 0x00000014cdb00000,0x00000014cdc00000] [id=19940]
  0x00000120c8b70d40 ConcurrentGCThread "G1 Refine#0" [stack: 0x00000014cdc00000,0x00000014cdd00000] [id=28520]
  0x00000120c8b72040 ConcurrentGCThread "G1 Service" [stack: 0x00000014cdd00000,0x00000014cde00000] [id=11136]

Threads with active compile tasks:
C2 CompilerThread0    15784 2364       4       sun.reflect.annotation.AnnotationInvocationHandler::invoke (178 bytes)
C1 CompilerThread0    15784 2392       3       org.openqa.selenium.support.AbstractFindByBuilder::assertValidFindBy (488 bytes)

VM state: not at safepoint (normal execution)

VM Mutex/Monitor currently owned by a thread: None

Heap address: 0x00000000c1400000, size: 1004 MB, Compressed Oops mode: 32-bit

CDS archive(s) not mapped
Compressed class space mapped at: 0x0000000100000000-0x0000000140000000, reserved size: 1073741824
Narrow klass base: 0x0000000000000000, Narrow klass shift: 3, Narrow klass range: 0x140000000

GC Precious Log:
 CPUs: 4 total, 4 available
 Memory: 4013M
 Large Page Support: Disabled
 NUMA Support: Disabled
 Compressed Oops: Enabled (32-bit)
 Heap Region Size: 1M
 Heap Min Capacity: 8M
 Heap Initial Capacity: 64M
 Heap Max Capacity: 1004M
 Pre-touch: Disabled
 Parallel Workers: 4
 Concurrent Workers: 1
 Concurrent Refinement Workers: 4
 Periodic GC: Disabled

Heap:
 garbage-first heap   total 55296K, used 31334K [0x00000000c1400000, 0x0000000100000000)
  region size 1024K, 23 young (23552K), 5 survivors (5120K)
 Metaspace       used 25722K, committed 25984K, reserved 1073152K
  class space    used 2811K, committed 2944K, reserved 1048576K

Heap Regions: E=young(eden), S=young(survivor), O=old, HS=humongous(starts), HC=humongous(continues), CS=collection set, F=free, OA=open archive, CA=closed archive, TAMS=top-at-mark-start (previous, next)
|   0|0x00000000c1400000, 0x00000000c1500000, 0x00000000c1500000|100%|HS|  |TAMS 0x00000000c1500000, 0x00000000c1400000| Complete 
|   1|0x00000000c1500000, 0x00000000c1600000, 0x00000000c1600000|100%|HS|  |TAMS 0x00000000c1600000, 0x00000000c1500000| Complete 
|   2|0x00000000c1600000, 0x00000000c1700000, 0x00000000c1700000|100%|HC|  |TAMS 0x00000000c1700000, 0x00000000c1600000| Complete 
|   3|0x00000000c1700000, 0x00000000c1800000, 0x00000000c1800000|100%|HC|  |TAMS 0x00000000c1800000, 0x00000000c1700000| Complete 
|   4|0x00000000c1800000, 0x00000000c1900000, 0x00000000c1900000|100%| O|  |TAMS 0x00000000c1900000, 0x00000000c1800000| Untracked 
|   5|0x00000000c1900000, 0x00000000c1a00000, 0x00000000c1a00000|100%| O|  |TAMS 0x00000000c1a00000, 0x00000000c1900000| Untracked 
|   6|0x00000000c1a00000, 0x00000000c1b00000, 0x00000000c1b00000|100%| O|  |TAMS 0x00000000c1b00000, 0x00000000c1a00000| Untracked 
|   7|0x00000000c1b00000, 0x00000000c1c00000, 0x00000000c1c00000|100%| O|  |TAMS 0x00000000c1c00000, 0x00000000c1b00000| Untracked 
|   8|0x00000000c1c00000, 0x00000000c1d00000, 0x00000000c1d00000|100%| O|  |TAMS 0x00000000c1c8b800, 0x00000000c1c00000| Untracked 
|   9|0x00000000c1d00000, 0x00000000c1dbec00, 0x00000000c1e00000| 74%| O|  |TAMS 0x00000000c1d00000, 0x00000000c1d00000| Complete 
|  10|0x00000000c1e00000, 0x00000000c1e00000, 0x00000000c1f00000|  0%| F|  |TAMS 0x00000000c1e00000, 0x00000000c1e00000| Untracked 
|  11|0x00000000c1f00000, 0x00000000c1f00000, 0x00000000c2000000|  0%| F|  |TAMS 0x00000000c1f00000, 0x00000000c1f00000| Untracked 
|  12|0x00000000c2000000, 0x00000000c2000000, 0x00000000c2100000|  0%| F|  |TAMS 0x00000000c2000000, 0x00000000c2000000| Untracked 
|  13|0x00000000c2100000, 0x00000000c2100000, 0x00000000c2200000|  0%| F|  |TAMS 0x00000000c2100000, 0x00000000c2100000| Untracked 
|  14|0x00000000c2200000, 0x00000000c2200000, 0x00000000c2300000|  0%| F|  |TAMS 0x00000000c2200000, 0x00000000c2200000| Untracked 
|  15|0x00000000c2300000, 0x00000000c2300000, 0x00000000c2400000|  0%| F|  |TAMS 0x00000000c2300000, 0x00000000c2300000| Untracked 
|  16|0x00000000c2400000, 0x00000000c2400000, 0x00000000c2500000|  0%| F|  |TAMS 0x00000000c2400000, 0x00000000c2400000| Untracked 
|  17|0x00000000c2500000, 0x00000000c2500000, 0x00000000c2600000|  0%| F|  |TAMS 0x00000000c2500000, 0x00000000c2500000| Untracked 
|  18|0x00000000c2600000, 0x00000000c2600000, 0x00000000c2700000|  0%| F|  |TAMS 0x00000000c2600000, 0x00000000c2600000| Untracked 
|  19|0x00000000c2700000, 0x00000000c2700000, 0x00000000c2800000|  0%| F|  |TAMS 0x00000000c2700000, 0x00000000c2700000| Untracked 
|  20|0x00000000c2800000, 0x00000000c2800000, 0x00000000c2900000|  0%| F|  |TAMS 0x00000000c2800000, 0x00000000c2800000| Untracked 
|  21|0x00000000c2900000, 0x00000000c2900000, 0x00000000c2a00000|  0%| F|  |TAMS 0x00000000c2900000, 0x00000000c2900000| Untracked 
|  22|0x00000000c2a00000, 0x00000000c2a00000, 0x00000000c2b00000|  0%| F|  |TAMS 0x00000000c2a00000, 0x00000000c2a00000| Untracked 
|  23|0x00000000c2b00000, 0x00000000c2b00000, 0x00000000c2c00000|  0%| F|  |TAMS 0x00000000c2b00000, 0x00000000c2b00000| Untracked 
|  24|0x00000000c2c00000, 0x00000000c2c00000, 0x00000000c2d00000|  0%| F|  |TAMS 0x00000000c2c00000, 0x00000000c2c00000| Untracked 
|  25|0x00000000c2d00000, 0x00000000c2d00000, 0x00000000c2e00000|  0%| F|  |TAMS 0x00000000c2d00000, 0x00000000c2d00000| Untracked 
|  26|0x00000000c2e00000, 0x00000000c2e00000, 0x00000000c2f00000|  0%| F|  |TAMS 0x00000000c2e00000, 0x00000000c2e00000| Untracked 
|  27|0x00000000c2f00000, 0x00000000c2f00000, 0x00000000c3000000|  0%| F|  |TAMS 0x00000000c2f00000, 0x00000000c2f00000| Untracked 
|  28|0x00000000c3000000, 0x00000000c3000000, 0x00000000c3100000|  0%| F|  |TAMS 0x00000000c3000000, 0x00000000c3000000| Untracked 
|  29|0x00000000c3100000, 0x00000000c3100000, 0x00000000c3200000|  0%| F|  |TAMS 0x00000000c3100000, 0x00000000c3100000| Untracked 
|  30|0x00000000c3200000, 0x00000000c3200000, 0x00000000c3300000|  0%| F|  |TAMS 0x00000000c3200000, 0x00000000c3200000| Untracked 
|  31|0x00000000c3300000, 0x00000000c3394298, 0x00000000c3400000| 57%| E|  |TAMS 0x00000000c3300000, 0x00000000c3300000| Complete 
|  32|0x00000000c3400000, 0x00000000c3500000, 0x00000000c3500000|100%| E|CS|TAMS 0x00000000c3400000, 0x00000000c3400000| Complete 
|  33|0x00000000c3500000, 0x00000000c3600000, 0x00000000c3600000|100%| E|CS|TAMS 0x00000000c3500000, 0x00000000c3500000| Complete 
|  34|0x00000000c3600000, 0x00000000c3700000, 0x00000000c3700000|100%| E|CS|TAMS 0x00000000c3600000, 0x00000000c3600000| Complete 
|  35|0x00000000c3700000, 0x00000000c3800000, 0x00000000c3800000|100%| E|CS|TAMS 0x00000000c3700000, 0x00000000c3700000| Complete 
|  36|0x00000000c3800000, 0x00000000c3900000, 0x00000000c3900000|100%| E|CS|TAMS 0x00000000c3800000, 0x00000000c3800000| Complete 
|  37|0x00000000c3900000, 0x00000000c3a00000, 0x00000000c3a00000|100%| E|CS|TAMS 0x00000000c3900000, 0x00000000c3900000| Complete 
|  38|0x00000000c3a00000, 0x00000000c3b00000, 0x00000000c3b00000|100%| E|CS|TAMS 0x00000000c3a00000, 0x00000000c3a00000| Complete 
|  39|0x00000000c3b00000, 0x00000000c3c00000, 0x00000000c3c00000|100%| E|  |TAMS 0x00000000c3b00000, 0x00000000c3b00000| Complete 
|  40|0x00000000c3c00000, 0x00000000c3d00000, 0x00000000c3d00000|100%| E|CS|TAMS 0x00000000c3c00000, 0x00000000c3c00000| Complete 
|  41|0x00000000c3d00000, 0x00000000c3e00000, 0x00000000c3e00000|100%| E|CS|TAMS 0x00000000c3d00000, 0x00000000c3d00000| Complete 
|  42|0x00000000c3e00000, 0x00000000c3f00000, 0x00000000c3f00000|100%| E|CS|TAMS 0x00000000c3e00000, 0x00000000c3e00000| Complete 
|  43|0x00000000c3f00000, 0x00000000c4000000, 0x00000000c4000000|100%| E|CS|TAMS 0x00000000c3f00000, 0x00000000c3f00000| Complete 
|  44|0x00000000c4000000, 0x00000000c40dad88, 0x00000000c4100000| 85%| S|CS|TAMS 0x00000000c4000000, 0x00000000c4000000| Complete 
|  45|0x00000000c4100000, 0x00000000c4200000, 0x00000000c4200000|100%| S|CS|TAMS 0x00000000c4100000, 0x00000000c4100000| Complete 
|  46|0x00000000c4200000, 0x00000000c4300000, 0x00000000c4300000|100%| S|CS|TAMS 0x00000000c4200000, 0x00000000c4200000| Complete 
|  47|0x00000000c4300000, 0x00000000c4400000, 0x00000000c4400000|100%| S|CS|TAMS 0x00000000c4300000, 0x00000000c4300000| Complete 
|  48|0x00000000c4400000, 0x00000000c4500000, 0x00000000c4500000|100%| S|CS|TAMS 0x00000000c4400000, 0x00000000c4400000| Complete 
|  49|0x00000000c4500000, 0x00000000c4600000, 0x00000000c4600000|100%| E|CS|TAMS 0x00000000c4500000, 0x00000000c4500000| Complete 
|  50|0x00000000c4600000, 0x00000000c4700000, 0x00000000c4700000|100%| E|CS|TAMS 0x00000000c4600000, 0x00000000c4600000| Complete 
|  51|0x00000000c4700000, 0x00000000c4800000, 0x00000000c4800000|100%| E|CS|TAMS 0x00000000c4700000, 0x00000000c4700000| Complete 
|  52|0x00000000c4800000, 0x00000000c4900000, 0x00000000c4900000|100%| E|CS|TAMS 0x00000000c4800000, 0x00000000c4800000| Complete 
|  63|0x00000000c5300000, 0x00000000c5400000, 0x00000000c5400000|100%| E|CS|TAMS 0x00000000c5300000, 0x00000000c5300000| Complete 

Card table byte_map: [0x00000120dd180000,0x00000120dd380000] _byte_map_base: 0x00000120dcb76000

Marking Bits (Prev, Next): (CMBitMap*) 0x00000120c8b1a170, (CMBitMap*) 0x00000120c8b1a130
 Prev Bits: [0x00000120de530000, 0x00000120df4e0000)
 Next Bits: [0x00000120dd580000, 0x00000120de530000)

Polling page: 0x00000120c8950000

Metaspace:

Usage:
  Non-class:     22.37 MB used.
      Class:      2.75 MB used.
       Both:     25.12 MB used.

Virtual space:
  Non-class space:       24.00 MB reserved,      22.50 MB ( 94%) committed,  3 nodes.
      Class space:        1.00 GB reserved,       2.88 MB ( <1%) committed,  1 nodes.
             Both:        1.02 GB reserved,      25.38 MB (  2%) committed. 

Chunk freelists:
   Non-Class:  784.00 KB
       Class:  1.16 MB
        Both:  1.92 MB

MaxMetaspaceSize: unlimited
CompressedClassSpaceSize: 1.00 GB
Initial GC threshold: 21.00 MB
Current GC threshold: 35.25 MB
CDS: off
MetaspaceReclaimPolicy: balanced
 - commit_granule_bytes: 65536.
 - commit_granule_words: 8192.
 - virtual_space_node_default_size: 1048576.
 - enlarge_chunks_in_place: 1.
 - new_chunks_are_fully_committed: 0.
 - uncommit_free_chunks: 1.
 - use_allocation_guard: 0.
 - handle_deallocations: 1.


Internal statistics:

num_allocs_failed_limit: 3.
num_arena_births: 188.
num_arena_deaths: 0.
num_vsnodes_births: 4.
num_vsnodes_deaths: 0.
num_space_committed: 406.
num_space_uncommitted: 0.
num_chunks_returned_to_freelist: 3.
num_chunks_taken_from_freelist: 649.
num_chunk_merges: 3.
num_chunk_splits: 398.
num_chunks_enlarged: 276.
num_purges: 0.
num_inconsistent_stats: 0.

CodeHeap 'non-profiled nmethods': size=120000Kb used=864Kb max_used=864Kb free=119135Kb
 bounds [0x00000120d5430000, 0x00000120d56a0000, 0x00000120dc960000]
CodeHeap 'profiled nmethods': size=120000Kb used=4699Kb max_used=4699Kb free=115300Kb
 bounds [0x00000120cdf00000, 0x00000120ce3a0000, 0x00000120d5430000]
CodeHeap 'non-nmethods': size=5760Kb used=1233Kb max_used=1250Kb free=4526Kb
 bounds [0x00000120cd960000, 0x00000120cdbd0000, 0x00000120cdf00000]
 total_blobs=2919 nmethods=2380 adapters=451
 compilation: enabled
              stopped_count=0, restarted_count=0
 full_count=0

Compilation events (20 events):
Event: 15.730 Thread 0x00000120e1aee920 nmethod 2380 0x00000120ce38cd10 code [0x00000120ce38cf20, 0x00000120ce38d5b8]
Event: 15.730 Thread 0x00000120e1aee920 2381   !   3       org.openqa.selenium.support.pagefactory.Annotations::buildBy (154 bytes)
Event: 15.732 Thread 0x00000120e1aee920 nmethod 2381 0x00000120ce38d790 code [0x00000120ce38dc00, 0x00000120ce38fba8]
Event: 15.732 Thread 0x00000120e1aee920 2382       3       org.openqa.selenium.support.pagefactory.Annotations::assertValidAnnotations (94 bytes)
Event: 15.733 Thread 0x00000120e1aee920 nmethod 2382 0x00000120ce390810 code [0x00000120ce390b80, 0x00000120ce392328]
Event: 15.733 Thread 0x00000120e1aee920 2383       3       java.lang.reflect.Field::getDeclaredAnnotations (8 bytes)
Event: 15.733 Thread 0x00000120e1aee920 nmethod 2383 0x00000120ce392910 code [0x00000120ce392ae0, 0x00000120ce392f08]
Event: 15.733 Thread 0x00000120e1aee920 2384       3       sun.reflect.annotation.AnnotationParser::toArray (18 bytes)
Event: 15.733 Thread 0x00000120e1aee920 nmethod 2384 0x00000120ce393090 code [0x00000120ce393260, 0x00000120ce3935d8]
Event: 15.733 Thread 0x00000120e1aee920 2387       3       org.openqa.selenium.support.pagefactory.DefaultFieldDecorator::proxyForLocator (41 bytes)
Event: 15.733 Thread 0x00000120e1aee920 nmethod 2387 0x00000120ce393710 code [0x00000120ce393900, 0x00000120ce3941c8]
Event: 15.734 Thread 0x00000120e1aee920 2385   !   3       jdk.internal.reflect.GeneratedConstructorAccessor6::newInstance (53 bytes)
Event: 15.734 Thread 0x00000120e1aee920 nmethod 2385 0x00000120ce394410 code [0x00000120ce394640, 0x00000120ce394ea8]
Event: 15.734 Thread 0x00000120e1aee920 2389       3       java.lang.Class::isAnnotationPresent (6 bytes)
Event: 15.734 Thread 0x00000120e1aee920 nmethod 2389 0x00000120ce395310 code [0x00000120ce395500, 0x00000120ce395a88]
Event: 15.734 Thread 0x00000120e1aee920 2390   !   3       jdk.proxy2.$Proxy11::value (29 bytes)
Event: 15.735 Thread 0x00000120e1aee920 nmethod 2390 0x00000120ce395c90 code [0x00000120ce395e60, 0x00000120ce396238]
Event: 15.735 Thread 0x00000120e1aee920 2391       3       org.openqa.selenium.support.FindBy$FindByBuilder::buildIt (32 bytes)
Event: 15.735 Thread 0x00000120e1aee920 nmethod 2391 0x00000120ce396410 code [0x00000120ce396600, 0x00000120ce396c68]
Event: 15.735 Thread 0x00000120e1aee920 2392       3       org.openqa.selenium.support.AbstractFindByBuilder::assertValidFindBy (488 bytes)

GC Heap History (8 events):
Event: 0.852 GC heap before
{Heap before GC invocations=0 (full 0):
 garbage-first heap   total 65536K, used 16384K [0x00000000c1400000, 0x0000000100000000)
  region size 1024K, 13 young (13312K), 0 survivors (0K)
 Metaspace       used 7842K, committed 7936K, reserved 1056768K
  class space    used 684K, committed 704K, reserved 1048576K
}
Event: 0.858 GC heap after
{Heap after GC invocations=1 (full 0):
 garbage-first heap   total 65536K, used 8507K [0x00000000c1400000, 0x0000000100000000)
  region size 1024K, 2 young (2048K), 2 survivors (2048K)
 Metaspace       used 7842K, committed 7936K, reserved 1056768K
  class space    used 684K, committed 704K, reserved 1048576K
}
Event: 1.639 GC heap before
{Heap before GC invocations=1 (full 0):
 garbage-first heap   total 65536K, used 21819K [0x00000000c1400000, 0x0000000100000000)
  region size 1024K, 15 young (15360K), 2 survivors (2048K)
 Metaspace       used 13786K, committed 14016K, reserved 1064960K
  class space    used 1344K, committed 1472K, reserved 1048576K
}
Event: 1.643 GC heap after
{Heap after GC invocations=2 (full 0):
 garbage-first heap   total 65536K, used 9864K [0x00000000c1400000, 0x0000000100000000)
  region size 1024K, 2 young (2048K), 2 survivors (2048K)
 Metaspace       used 13786K, committed 14016K, reserved 1064960K
  class space    used 1344K, committed 1472K, reserved 1048576K
}
Event: 2.073 GC heap before
{Heap before GC invocations=2 (full 0):
 garbage-first heap   total 65536K, used 28296K [0x00000000c1400000, 0x0000000100000000)
  region size 1024K, 21 young (21504K), 2 survivors (2048K)
 Metaspace       used 18722K, committed 19008K, reserved 1073152K
  class space    used 1917K, committed 2048K, reserved 1048576K
}
Event: 2.077 GC heap after
{Heap after GC invocations=3 (full 0):
 garbage-first heap   total 65536K, used 11822K [0x00000000c1400000, 0x0000000100000000)
  region size 1024K, 3 young (3072K), 3 survivors (3072K)
 Metaspace       used 18722K, committed 19008K, reserved 1073152K
  class space    used 1917K, committed 2048K, reserved 1048576K
}
Event: 2.344 GC heap before
{Heap before GC invocations=3 (full 0):
 garbage-first heap   total 65536K, used 26158K [0x00000000c1400000, 0x0000000100000000)
  region size 1024K, 18 young (18432K), 3 survivors (3072K)
 Metaspace       used 21299K, committed 21504K, reserved 1073152K
  class space    used 2197K, committed 2304K, reserved 1048576K
}
Event: 2.349 GC heap after
{Heap after GC invocations=4 (full 0):
 garbage-first heap   total 65536K, used 14950K [0x00000000c1400000, 0x0000000100000000)
  region size 1024K, 5 young (5120K), 5 survivors (5120K)
 Metaspace       used 21299K, committed 21504K, reserved 1073152K
  class space    used 2197K, committed 2304K, reserved 1048576K
}

Deoptimization events (20 events):
Event: 3.352 Thread 0x00000120c8aeaf20 Uncommon trap: trap_request=0xffffffde fr.pc=0x00000120d54db1bc relative=0x000000000000019c
Event: 3.352 Thread 0x00000120c8aeaf20 Uncommon trap: reason=class_check action=maybe_recompile pc=0x00000120d54db1bc method=java.io.DataInputStream.readByte()B @ 4 c2
Event: 3.352 Thread 0x00000120c8aeaf20 DEOPT PACKING pc=0x00000120d54db1bc sp=0x00000014cd8fc390
Event: 3.352 Thread 0x00000120c8aeaf20 DEOPT UNPACKING pc=0x00000120cd9b23a3 sp=0x00000014cd8fc358 mode 2
Event: 3.352 Thread 0x00000120c8aeaf20 Uncommon trap: trap_request=0xffffffde fr.pc=0x00000120d54db1bc relative=0x000000000000019c
Event: 3.352 Thread 0x00000120c8aeaf20 Uncommon trap: reason=class_check action=maybe_recompile pc=0x00000120d54db1bc method=java.io.DataInputStream.readByte()B @ 4 c2
Event: 3.352 Thread 0x00000120c8aeaf20 DEOPT PACKING pc=0x00000120d54db1bc sp=0x00000014cd8fc390
Event: 3.352 Thread 0x00000120c8aeaf20 DEOPT UNPACKING pc=0x00000120cd9b23a3 sp=0x00000014cd8fc358 mode 2
Event: 3.352 Thread 0x00000120c8aeaf20 Uncommon trap: trap_request=0xffffffde fr.pc=0x00000120d54db1bc relative=0x000000000000019c
Event: 3.352 Thread 0x00000120c8aeaf20 Uncommon trap: reason=class_check action=maybe_recompile pc=0x00000120d54db1bc method=java.io.DataInputStream.readByte()B @ 4 c2
Event: 3.352 Thread 0x00000120c8aeaf20 DEOPT PACKING pc=0x00000120d54db1bc sp=0x00000014cd8fc390
Event: 3.352 Thread 0x00000120c8aeaf20 DEOPT UNPACKING pc=0x00000120cd9b23a3 sp=0x00000014cd8fc358 mode 2
Event: 3.352 Thread 0x00000120c8aeaf20 Uncommon trap: trap_request=0xffffffde fr.pc=0x00000120d54db1bc relative=0x000000000000019c
Event: 3.352 Thread 0x00000120c8aeaf20 Uncommon trap: reason=class_check action=maybe_recompile pc=0x00000120d54db1bc method=java.io.DataInputStream.readByte()B @ 4 c2
Event: 3.352 Thread 0x00000120c8aeaf20 DEOPT PACKING pc=0x00000120d54db1bc sp=0x00000014cd8fc390
Event: 3.352 Thread 0x00000120c8aeaf20 DEOPT UNPACKING pc=0x00000120cd9b23a3 sp=0x00000014cd8fc358 mode 2
Event: 15.730 Thread 0x00000120e1ae7e90 Uncommon trap: trap_request=0xffffff45 fr.pc=0x00000120d54c6148 relative=0x0000000000000c28
Event: 15.730 Thread 0x00000120e1ae7e90 Uncommon trap: reason=unstable_if action=reinterpret pc=0x00000120d54c6148 method=java.io.BufferedReader.readLine(Z[Z)Ljava/lang/String; @ 22 c2
Event: 15.730 Thread 0x00000120e1ae7e90 DEOPT PACKING pc=0x00000120d54c6148 sp=0x00000014cefff430
Event: 15.730 Thread 0x00000120e1ae7e90 DEOPT UNPACKING pc=0x00000120cd9b23a3 sp=0x00000014cefff3e0 mode 2

Classes unloaded (0 events):
No events

Classes redefined (0 events):
No events

Internal exceptions (20 events):
Event: 2.466 Thread 0x00000120e1ae6b50 Exception <a 'java/net/SocketException'{0x00000000c45ca8f8}: Socket is not connected: shutdown> (0x00000000c45ca8f8) 
thrown [e:\jenkins\tmp\workspace\build\src\src\hotspot\share\prims\jni.cpp, line 535]
Event: 2.497 Thread 0x00000120e1ae6b50 Exception <a 'java/net/ConnectException'{0x00000000c45cb890}: Connection refused: no further information> (0x00000000c45cb890) 
thrown [e:\jenkins\tmp\workspace\build\src\src\hotspot\share\prims\jni.cpp, line 535]
Event: 2.497 Thread 0x00000120e1ae6b50 Exception <a 'java/net/SocketException'{0x00000000c45cbbc8}: Socket is not connected: shutdown> (0x00000000c45cbbc8) 
thrown [e:\jenkins\tmp\workspace\build\src\src\hotspot\share\prims\jni.cpp, line 535]
Event: 2.544 Thread 0x00000120e1ae6b50 Exception <a 'java/net/ConnectException'{0x00000000c45ccb60}: Connection refused: no further information> (0x00000000c45ccb60) 
thrown [e:\jenkins\tmp\workspace\build\src\src\hotspot\share\prims\jni.cpp, line 535]
Event: 2.544 Thread 0x00000120e1ae6b50 Exception <a 'java/net/SocketException'{0x00000000c45cce98}: Socket is not connected: shutdown> (0x00000000c45cce98) 
thrown [e:\jenkins\tmp\workspace\build\src\src\hotspot\share\prims\jni.cpp, line 535]
Event: 2.637 Thread 0x00000120e1ae6b50 Exception <a 'java/net/ConnectException'{0x00000000c45cde30}: Connection refused: no further information> (0x00000000c45cde30) 
thrown [e:\jenkins\tmp\workspace\build\src\src\hotspot\share\prims\jni.cpp, line 535]
Event: 2.637 Thread 0x00000120e1ae6b50 Exception <a 'java/net/SocketException'{0x00000000c45ce168}: Socket is not connected: shutdown> (0x00000000c45ce168) 
thrown [e:\jenkins\tmp\workspace\build\src\src\hotspot\share\prims\jni.cpp, line 535]
Event: 2.810 Thread 0x00000120e1ae6b50 Exception <a 'java/net/ConnectException'{0x00000000c45cf100}: Connection refused: no further information> (0x00000000c45cf100) 
thrown [e:\jenkins\tmp\workspace\build\src\src\hotspot\share\prims\jni.cpp, line 535]
Event: 2.810 Thread 0x00000120e1ae6b50 Exception <a 'java/net/SocketException'{0x00000000c45cf438}: Socket is not connected: shutdown> (0x00000000c45cf438) 
thrown [e:\jenkins\tmp\workspace\build\src\src\hotspot\share\prims\jni.cpp, line 535]
Event: 3.181 Thread 0x00000120c8aeaf20 Exception <a 'java/lang/NoSuchMethodError'{0x00000000c45bc308}: 'java.lang.Object java.lang.invoke.DirectMethodHandle$Holder.invokeInterface(java.lang.Object, java.lang.Object, java.lang.Object)'> (0x00000000c45bc308) 
thrown [e:\jenkins\tmp\workspace\build\src\src\hotspot\share\interpreter\linkResolver.cpp, line 766]
Event: 3.182 Thread 0x00000120c8aeaf20 Exception <a 'java/lang/IncompatibleClassChangeError'{0x00000000c3f01260}: Found class java.lang.Object, but interface was expected> (0x00000000c3f01260) 
thrown [e:\jenkins\tmp\workspace\build\src\src\hotspot\share\interpreter\linkResolver.cpp, line 833]
Event: 3.185 Thread 0x00000120c8aeaf20 Exception <a 'java/lang/NoSuchMethodError'{0x00000000c3f09a48}: 'int java.lang.invoke.DirectMethodHandle$Holder.invokeSpecialIFC(java.lang.Object, java.lang.Object, java.lang.Object, java.lang.Object)'> (0x00000000c3f09a48) 
thrown [e:\jenkins\tmp\workspace\build\src\src\hotspot\share\interpreter\linkResolver.cpp, line 766]
Event: 3.186 Thread 0x00000120c8aeaf20 Exception <a 'java/lang/NoSuchMethodError'{0x00000000c3f11fd0}: 'java.lang.Object java.lang.invoke.DirectMethodHandle$Holder.invokeInterface(java.lang.Object, java.lang.Object, java.lang.Object, java.lang.Object)'> (0x00000000c3f11fd0) 
thrown [e:\jenkins\tmp\workspace\build\src\src\hotspot\share\interpreter\linkResolver.cpp, line 766]
Event: 3.204 Thread 0x00000120c8aeaf20 Exception <a 'java/lang/NoSuchMethodError'{0x00000000c3fa76f8}: 'void java.lang.invoke.DirectMethodHandle$Holder.invokeInterface(java.lang.Object, java.lang.Object, java.lang.Object)'> (0x00000000c3fa76f8) 
thrown [e:\jenkins\tmp\workspace\build\src\src\hotspot\share\interpreter\linkResolver.cpp, line 766]
Event: 3.214 Thread 0x00000120c8aeaf20 Exception <a 'java/lang/NoSuchMethodError'{0x00000000c3e06d78}: 'double java.lang.invoke.DirectMethodHandle$Holder.invokeVirtual(java.lang.Object, java.lang.Object)'> (0x00000000c3e06d78) 
thrown [e:\jenkins\tmp\workspace\build\src\src\hotspot\share\interpreter\linkResolver.cpp, line 766]
Event: 3.214 Thread 0x00000120c8aeaf20 Exception <a 'java/lang/NoSuchMethodError'{0x00000000c3e0d4f8}: 'float java.lang.invoke.DirectMethodHandle$Holder.invokeVirtual(java.lang.Object, java.lang.Object)'> (0x00000000c3e0d4f8) 
thrown [e:\jenkins\tmp\workspace\build\src\src\hotspot\share\interpreter\linkResolver.cpp, line 766]
Event: 3.215 Thread 0x00000120c8aeaf20 Exception <a 'java/lang/NoSuchMethodError'{0x00000000c3e164b8}: 'long java.lang.invoke.DirectMethodHandle$Holder.invokeVirtual(java.lang.Object, java.lang.Object)'> (0x00000000c3e164b8) 
thrown [e:\jenkins\tmp\workspace\build\src\src\hotspot\share\interpreter\linkResolver.cpp, line 766]
Event: 3.242 Thread 0x00000120c8aeaf20 Exception <a 'java/lang/NoSuchMethodError'{0x00000000c3d45dc0}: 'void java.lang.invoke.DirectMethodHandle$Holder.invokeSpecial(java.lang.Object, java.lang.Object, java.lang.Object, java.lang.Object, java.lang.Object)'> (0x00000000c3d45dc0) 
thrown [e:\jenkins\tmp\workspace\build\src\src\hotspot\share\interpreter\linkResolver.cpp, line 766]
Event: 10.859 Thread 0x00000120c8aeaf20 Exception <a 'java/lang/NoSuchMethodError'{0x00000000c35a5f68}: 'void java.lang.invoke.DirectMethodHandle$Holder.invokeSpecial(java.lang.Object, java.lang.Object, java.lang.Object)'> (0x00000000c35a5f68) 
thrown [e:\jenkins\tmp\workspace\build\src\src\hotspot\share\interpreter\linkResolver.cpp, line 766]
Event: 10.868 Thread 0x00000120c8aeaf20 Exception <a 'java/lang/ClassNotFoundException'{0x00000000c35c9d40}: sun/util/logging/resources/spi/loggingProvider> (0x00000000c35c9d40) 
thrown [e:\jenkins\tmp\workspace\build\src\src\hotspot\share\classfile\systemDictionary.cpp, line 256]

VM Operations (20 events):
Event: 2.356 Executing VM operation: G1Concurrent
Event: 2.358 Executing VM operation: G1Concurrent done
Event: 2.361 Executing VM operation: G1Concurrent
Event: 2.361 Executing VM operation: G1Concurrent done
Event: 3.146 Executing VM operation: HandshakeAllThreads
Event: 3.146 Executing VM operation: HandshakeAllThreads done
Event: 3.148 Executing VM operation: HandshakeAllThreads
Event: 3.148 Executing VM operation: HandshakeAllThreads done
Event: 3.152 Executing VM operation: HandshakeAllThreads
Event: 3.152 Executing VM operation: HandshakeAllThreads done
Event: 3.369 Executing VM operation: HandshakeAllThreads
Event: 3.369 Executing VM operation: HandshakeAllThreads done
Event: 3.369 Executing VM operation: Cleanup
Event: 3.369 Executing VM operation: Cleanup done
Event: 4.382 Executing VM operation: Cleanup
Event: 4.383 Executing VM operation: Cleanup done
Event: 11.114 Executing VM operation: ICBufferFull
Event: 11.114 Executing VM operation: ICBufferFull done
Event: 13.114 Executing VM operation: Cleanup
Event: 13.114 Executing VM operation: Cleanup done

Events (20 events):
Event: 10.868 loading class sun/util/logging/resources/logging
Event: 10.869 loading class sun/util/logging/resources/logging done
Event: 10.869 loading class sun/util/logging/resources/logging_en
Event: 10.869 loading class sun/util/logging/resources/logging_en done
Event: 10.869 loading class sun/util/logging/resources/logging_en
Event: 10.869 loading class sun/util/logging/resources/logging_en done
Event: 10.869 loading class sun/util/logging/resources/logging_en_US
Event: 10.869 loading class sun/util/logging/resources/logging_en_US done
Event: 10.869 loading class sun/util/logging/resources/logging_en_US
Event: 10.869 loading class sun/util/logging/resources/logging_en_US done
Event: 10.869 loading class java/util/Formatter$DateTime
Event: 10.870 loading class java/util/Formatter$DateTime done
Event: 10.871 loading class java/time/ZonedDateTime$1
Event: 10.871 loading class java/time/ZonedDateTime$1 done
Event: 10.871 loading class java/time/LocalDate$1
Event: 10.871 loading class java/time/LocalDate$1 done
Event: 10.871 loading class java/time/LocalTime$1
Event: 10.871 loading class java/time/LocalTime$1 done
Event: 15.724 loading class jdk/internal/reflect/UnsafeLongFieldAccessorImpl
Event: 15.724 loading class jdk/internal/reflect/UnsafeLongFieldAccessorImpl done


Dynamic libraries:
0x00007ff6bb290000 - 0x00007ff6bb29e000 	C:\Users\anamendra.y(2420)\.p2\pool\plugins\org.eclipse.justj.openjdk.hotspot.jre.full.win32.x86_64_17.0.1.v20211116-1657\jre\bin\javaw.exe
0x00007fffdb210000 - 0x00007fffdb405000 	C:\WINDOWS\SYSTEM32\ntdll.dll
0x00007fffdb040000 - 0x00007fffdb0fe000 	C:\WINDOWS\System32\KERNEL32.DLL
0x00007fffd8d70000 - 0x00007fffd9038000 	C:\WINDOWS\System32\KERNELBASE.dll
0x00007fffd9120000 - 0x00007fffd9220000 	C:\WINDOWS\System32\ucrtbase.dll
0x00007fffd4450000 - 0x00007fffd4469000 	C:\Users\anamendra.y(2420)\.p2\pool\plugins\org.eclipse.justj.openjdk.hotspot.jre.full.win32.x86_64_17.0.1.v20211116-1657\jre\bin\VCRUNTIME140.dll
0x00007fffc9fe0000 - 0x00007fffc9ff8000 	C:\Users\anamendra.y(2420)\.p2\pool\plugins\org.eclipse.justj.openjdk.hotspot.jre.full.win32.x86_64_17.0.1.v20211116-1657\jre\bin\jli.dll
0x00007fffda930000 - 0x00007fffdaad1000 	C:\WINDOWS\System32\USER32.dll
0x00007fffd9220000 - 0x00007fffd9242000 	C:\WINDOWS\System32\win32u.dll
0x00007fffd9da0000 - 0x00007fffd9dcb000 	C:\WINDOWS\System32\GDI32.dll
0x00007fffd89b0000 - 0x00007fffd8abd000 	C:\WINDOWS\System32\gdi32full.dll
0x00007fffd8c20000 - 0x00007fffd8cbd000 	C:\WINDOWS\System32\msvcp_win.dll
0x00007fffc71f0000 - 0x00007fffc748a000 	C:\WINDOWS\WinSxS\amd64_microsoft.windows.common-controls_6595b64144ccf1df_6.0.19041.1110_none_60b5254171f9507e\COMCTL32.dll
0x00007fffda890000 - 0x00007fffda92e000 	C:\WINDOWS\System32\msvcrt.dll
0x00007fffd9b00000 - 0x00007fffd9b30000 	C:\WINDOWS\System32\IMM32.DLL
0x00007fffc9e80000 - 0x00007fffc9e8c000 	C:\Users\anamendra.y(2420)\.p2\pool\plugins\org.eclipse.justj.openjdk.hotspot.jre.full.win32.x86_64_17.0.1.v20211116-1657\jre\bin\vcruntime140_1.dll
0x00007fffbb5e0000 - 0x00007fffbb671000 	C:\Users\anamendra.y(2420)\.p2\pool\plugins\org.eclipse.justj.openjdk.hotspot.jre.full.win32.x86_64_17.0.1.v20211116-1657\jre\bin\msvcp140.dll
0x00007fffa7bd0000 - 0x00007fffa8816000 	C:\Users\anamendra.y(2420)\.p2\pool\plugins\org.eclipse.justj.openjdk.hotspot.jre.full.win32.x86_64_17.0.1.v20211116-1657\jre\bin\server\jvm.dll
0x00007fffdacd0000 - 0x00007fffdad7c000 	C:\WINDOWS\System32\ADVAPI32.dll
0x00007fffd9ce0000 - 0x00007fffd9d7b000 	C:\WINDOWS\System32\sechost.dll
0x00007fffdade0000 - 0x00007fffdaf0a000 	C:\WINDOWS\System32\RPCRT4.dll
0x00007fffdb030000 - 0x00007fffdb038000 	C:\WINDOWS\System32\PSAPI.DLL
0x00007fffc45e0000 - 0x00007fffc45e9000 	C:\WINDOWS\SYSTEM32\WSOCK32.dll
0x00007fffd7700000 - 0x00007fffd770a000 	C:\WINDOWS\SYSTEM32\VERSION.dll
0x00007fffca710000 - 0x00007fffca737000 	C:\WINDOWS\SYSTEM32\WINMM.dll
0x00007fffd9330000 - 0x00007fffd939b000 	C:\WINDOWS\System32\ws2_32.DLL
0x00007fffd76c0000 - 0x00007fffd76d2000 	C:\WINDOWS\SYSTEM32\kernel.appcore.dll
0x00007fffd5fa0000 - 0x00007fffd5faa000 	C:\Users\anamendra.y(2420)\.p2\pool\plugins\org.eclipse.justj.openjdk.hotspot.jre.full.win32.x86_64_17.0.1.v20211116-1657\jre\bin\jimage.dll
0x00007fffc3e30000 - 0x00007fffc4014000 	C:\WINDOWS\SYSTEM32\DBGHELP.DLL
0x00007fffc3d60000 - 0x00007fffc3d8c000 	C:\WINDOWS\SYSTEM32\dbgcore.DLL
0x00007fffd9040000 - 0x00007fffd90c2000 	C:\WINDOWS\System32\bcryptPrimitives.dll
0x00007fffc97a0000 - 0x00007fffc97c5000 	C:\Users\anamendra.y(2420)\.p2\pool\plugins\org.eclipse.justj.openjdk.hotspot.jre.full.win32.x86_64_17.0.1.v20211116-1657\jre\bin\java.dll
0x00007fffd0a50000 - 0x00007fffd0a68000 	C:\Users\anamendra.y(2420)\.p2\pool\plugins\org.eclipse.justj.openjdk.hotspot.jre.full.win32.x86_64_17.0.1.v20211116-1657\jre\bin\zip.dll
0x00007fffd93a0000 - 0x00007fffd9ae4000 	C:\WINDOWS\System32\SHELL32.dll
0x00007fffd6840000 - 0x00007fffd6fd4000 	C:\WINDOWS\SYSTEM32\windows.storage.dll
0x00007fffda380000 - 0x00007fffda6d5000 	C:\WINDOWS\System32\combase.dll
0x00007fffd82a0000 - 0x00007fffd82ce000 	C:\WINDOWS\SYSTEM32\Wldp.dll
0x00007fffdab70000 - 0x00007fffdac1d000 	C:\WINDOWS\System32\SHCORE.dll
0x00007fffd9b90000 - 0x00007fffd9be5000 	C:\WINDOWS\System32\shlwapi.dll
0x00007fffd8860000 - 0x00007fffd887f000 	C:\WINDOWS\SYSTEM32\profapi.dll
0x00007fffc91a0000 - 0x00007fffc91b9000 	C:\Users\anamendra.y(2420)\.p2\pool\plugins\org.eclipse.justj.openjdk.hotspot.jre.full.win32.x86_64_17.0.1.v20211116-1657\jre\bin\net.dll
0x00007fffcc2e0000 - 0x00007fffcc3ec000 	C:\WINDOWS\SYSTEM32\WINHTTP.dll
0x00007fffd8000000 - 0x00007fffd806a000 	C:\WINDOWS\system32\mswsock.dll
0x00007fffc8fe0000 - 0x00007fffc8ff5000 	C:\Users\anamendra.y(2420)\.p2\pool\plugins\org.eclipse.justj.openjdk.hotspot.jre.full.win32.x86_64_17.0.1.v20211116-1657\jre\bin\nio.dll
0x00007fffd7d30000 - 0x00007fffd7dfb000 	C:\WINDOWS\SYSTEM32\DNSAPI.dll
0x00007fffd7cf0000 - 0x00007fffd7d2b000 	C:\WINDOWS\SYSTEM32\IPHLPAPI.DLL
0x00007fffd9af0000 - 0x00007fffd9af8000 	C:\WINDOWS\System32\NSI.dll
0x00007fffd18d0000 - 0x00007fffd18da000 	C:\Windows\System32\rasadhlp.dll
0x00007fffd3cb0000 - 0x00007fffd3d2f000 	C:\WINDOWS\System32\fwpuclnt.dll
0x00007fffd8980000 - 0x00007fffd89a7000 	C:\WINDOWS\System32\bcrypt.dll
0x00007fffd8200000 - 0x00007fffd8218000 	C:\WINDOWS\SYSTEM32\CRYPTSP.dll
0x00007fffd7980000 - 0x00007fffd79b4000 	C:\WINDOWS\system32\rsaenh.dll
0x00007fffd87b0000 - 0x00007fffd87de000 	C:\WINDOWS\SYSTEM32\USERENV.dll
0x00007fffd81f0000 - 0x00007fffd81fc000 	C:\WINDOWS\SYSTEM32\CRYPTBASE.dll
0x00007fffd3bc0000 - 0x00007fffd3bd7000 	C:\WINDOWS\SYSTEM32\dhcpcsvc6.DLL
0x00007fffd3aa0000 - 0x00007fffd3abd000 	C:\WINDOWS\SYSTEM32\dhcpcsvc.DLL
0x00007fffd4440000 - 0x00007fffd4450000 	C:\Users\anamendra.y(2420)\.p2\pool\plugins\org.eclipse.justj.openjdk.hotspot.jre.full.win32.x86_64_17.0.1.v20211116-1657\jre\bin\verify.dll
0x00007fffc9ac0000 - 0x00007fffc9ace000 	C:\Users\anamendra.y(2420)\.p2\pool\plugins\org.eclipse.justj.openjdk.hotspot.jre.full.win32.x86_64_17.0.1.v20211116-1657\jre\bin\sunmscapi.dll
0x00007fffd8ac0000 - 0x00007fffd8c16000 	C:\WINDOWS\System32\CRYPT32.dll
0x00007fffd8310000 - 0x00007fffd8337000 	C:\WINDOWS\SYSTEM32\ncrypt.dll
0x00007fffd82d0000 - 0x00007fffd830b000 	C:\WINDOWS\SYSTEM32\NTASN1.dll

dbghelp: loaded successfully - version: 4.0.5 - missing functions: none
symbol engine: initialized successfully - sym options: 0x614 - pdb path: .;C:\Users\anamendra.y(2420)\.p2\pool\plugins\org.eclipse.justj.openjdk.hotspot.jre.full.win32.x86_64_17.0.1.v20211116-1657\jre\bin;C:\WINDOWS\SYSTEM32;C:\WINDOWS\WinSxS\amd64_microsoft.windows.common-controls_6595b64144ccf1df_6.0.19041.1110_none_60b5254171f9507e;C:\Users\anamendra.y(2420)\.p2\pool\plugins\org.eclipse.justj.openjdk.hotspot.jre.full.win32.x86_64_17.0.1.v20211116-1657\jre\bin\server

VM Arguments:
jvm_args: -ea -Dfile.encoding=Cp1252 -XX:+ShowCodeDetailsInExceptionMessages 
java_command: org.testng.remote.RemoteTestNG -serport 63577 -protocol json -d D:\ws\E$ignlyNew\ESignlyNew\test-output C:\Users\ANAMEN~1.Y(2\AppData\Local\Temp\testng-eclipse--258959222\testng-customsuite.xml
java_class_path (initial): C:\Users\anamendra.y(2420)\eclipse\java-2021-12\eclipse\configuration\org.eclipse.osgi\429\0\.cp\lib\testng-remote.jar;D:\ws\E$ignlyNew\ESignlyNew\target\test-classes;D:\ws\E$ignlyNew\ESignlyNew\target\classes;C:\Users\anamendra.y(2420)\.p2\pool\plugins\org.testng_7.4.0.r202105021533.jar;C:\Users\anamendra.y(2420)\.p2\pool\plugins\com.beust.jcommander_1.78.0.jar;C:\Users\anamendra.y(2420)\.p2\pool\plugins\org.apache-extras.beanshell.bsh_2.0.0.b6.jar;C:\Users\anamendra.y(2420)\.p2\pool\plugins\org.yaml.snakeyaml_1.21.0.jar;C:\Users\anamendra.y(2420)\.p2\pool\plugins\org.webjars.jquery_3.5.1.jar;C:\Users\anamendra.y(2420)\.m2\repository\org\seleniumhq\selenium\selenium-java\3.14.0\selenium-java-3.14.0.jar;C:\Users\anamendra.y(2420)\.m2\repository\org\seleniumhq\selenium\selenium-api\3.14.0\selenium-api-3.14.0.jar;C:\Users\anamendra.y(2420)\.m2\repository\org\seleniumhq\selenium\selenium-chrome-driver\3.14.0\selenium-chrome-driver-3.14.0.jar;C:\Users\anamendra.y(2420)\.m2\repository\org\seleniumhq\selenium\selenium-edge-driver\3.14.0\selenium-edge-driver-3.14.0.jar;C:\Users\anamendra.y(2420)\.m2\repository\org\seleniumhq\selenium\selenium-firefox-driver\3.14.0\selenium-firefox-driver-3.14.0.jar;C:\Users\anamendra.y(2420)\.m2\repository\org\seleniumhq\selenium\selenium-ie-driver\3.14.0\selenium-ie-driver-3.14.0.jar;C:\Users\anamendra.y(2420)\.m2\repository\org\seleniumhq\selenium\selenium-opera-driver\3.14.0\selenium-opera-driver-3.14.0.jar;C:\Users\anamendra.y(2420)\.m2\repository\org\seleniumhq\selenium\selenium-remote-driver\3.14.0\selenium-remote-driver-3.14.0.jar;C:\Users\anamendra.y(2420)\.m2\repository\org\seleniumhq\selenium\selenium-safari-driver\3.14.0\selenium-safari-driver-3.14.0.jar;C:\Users\anamendra.y(2420)\.m2\repository\org\seleniumhq\selenium\selenium-support\3.14.0\selenium-support-3.14.0.jar;C:\Users\anamendra.y(2420)\.m2\repository\net\bytebuddy\byte-buddy\1.8.15\byte-buddy-1.8.15.jar;C:\Users\anamendra.y(2420)\.m2\repos
Launcher Type: SUN_STANDARD

[Global flags]
     intx CICompilerCount                          = 3                                         {product} {ergonomic}
     uint ConcGCThreads                            = 1                                         {product} {ergonomic}
     uint G1ConcRefinementThreads                  = 4                                         {product} {ergonomic}
   size_t G1HeapRegionSize                         = 1048576                                   {product} {ergonomic}
    uintx GCDrainStackTargetSize                   = 64                                        {product} {ergonomic}
   size_t InitialHeapSize                          = 67108864                                  {product} {ergonomic}
   size_t MarkStackSize                            = 4194304                                   {product} {ergonomic}
   size_t MaxHeapSize                              = 1052770304                                {product} {ergonomic}
   size_t MaxNewSize                               = 631242752                                 {product} {ergonomic}
   size_t MinHeapDeltaBytes                        = 1048576                                   {product} {ergonomic}
   size_t MinHeapSize                              = 8388608                                   {product} {ergonomic}
    uintx NonNMethodCodeHeapSize                   = 5832780                                {pd product} {ergonomic}
    uintx NonProfiledCodeHeapSize                  = 122912730                              {pd product} {ergonomic}
    uintx ProfiledCodeHeapSize                     = 122912730                              {pd product} {ergonomic}
    uintx ReservedCodeCacheSize                    = 251658240                              {pd product} {ergonomic}
     bool SegmentedCodeCache                       = true                                      {product} {ergonomic}
     bool ShowCodeDetailsInExceptionMessages       = true                                   {manageable} {command line}
   size_t SoftMaxHeapSize                          = 1052770304                             {manageable} {ergonomic}
     bool UseCompressedClassPointers               = true                           {product lp64_product} {ergonomic}
     bool UseCompressedOops                        = true                           {product lp64_product} {ergonomic}
     bool UseG1GC                                  = true                                      {product} {ergonomic}
     bool UseLargePagesIndividualAllocation        = false                                  {pd product} {ergonomic}

Logging:
Log output configuration:
 #0: stdout all=warning uptime,level,tags
 #1: stderr all=off uptime,level,tags

Environment Variables:
JAVA_HOME=C:\Program Files\Java\jdk1.8.0_121
PATH=C:/Users/anamendra.y(2420)/.p2/pool/plugins/org.eclipse.justj.openjdk.hotspot.jre.full.win32.x86_64_17.0.1.v20211116-1657/jre/bin/server;C:/Users/anamendra.y(2420)/.p2/pool/plugins/org.eclipse.justj.openjdk.hotspot.jre.full.win32.x86_64_17.0.1.v20211116-1657/jre/bin;C:\Users\anamendra.y(2420)\AppData\Local\Programs\Python\Python310\Scripts\;C:\Users\anamendra.y(2420)\AppData\Local\Programs\Python\Python310\;"C:\Program Files\nodejs\node_modules\npm\bin;C:\Users\anamendra.y(2420)\Downloads\chromedriver_win32;";C:\Python310\;C:\Program Files (x86)\Common Files\Oracle\Java\javapath;C:\Program Files (x86)\Intel\iCLS Client\;C:\Users\anamendra.y(2420)\Downloads\apache-ant-1.10.12\apache-ant-1.10.12\bin;C:\Program Files\Intel\iCLS Client\;C:\WINDOWS\system32;C:\WINDOWS;C:\WINDOWS\System32\Wbem;C:\WINDOWS\System32\WindowsPowerShell\v1.0\;C:\Program Files\Intel\Intel(R) Management Engine Components\DAL;C:\Program Files\Intel\Intel(R) Management Engine Components\IPT;C:\Program Files (x86)\Intel\Intel(R) Management Engine Components\DAL;C:\Program Files (x86)\Intel\Intel(R) Management Engine Components\IPT;C:\WINDOWS\System32\OpenSSH\;D:\Softwares\apache-jmeter-5.2.1\apache-jmeter-5.2.1\bin;D:\apache-ant-1.9.9\bin;C:\Program Files\nodejs\;C:\Program Files (x86)\dotnet\;C:\ProgramData\chocolatey\bin;C:\Program Files\Microsoft VS Code\bin;C:\apache-maven-3.8.4\bin;C:\Program Files\dotnet\;C:\Program Files\Java\jdk1.8.0_121\bin;C:\Users\anamendra.y(2420)\AppData\Local\Android\Sdk\tools;C:\Users\anamendra.y(2420)\AppData\Local\Android\Sdk\platform-tools;C:\Program Files\Git\cmd;C:\Users\anamendra.y(2420)\AppData\Local\Microsoft\WindowsApps;C:\Users\anamendra.y(2420)\AppData\Roaming\npm;C:\Users\anamendra.y(2420)\.dotnet\tools;C:\WINDOWS\system32;
USERNAME=anamendra.y(2420)
OS=Windows_NT
PROCESSOR_IDENTIFIER=Intel64 Family 6 Model 60 Stepping 3, GenuineIntel



---------------  S Y S T E M  ---------------

OS:
 Windows 10 , 64 bit Build 19041 (10.0.19041.1348)
OS uptime: 13 days 1:18 hours

CPU: total 4 (initial active 4) (4 cores per cpu, 1 threads per core) family 6 model 60 stepping 3 microcode 0x27, cx8, cmov, fxsr, mmx, sse, sse2, sse3, ssse3, sse4.1, sse4.2, popcnt, lzcnt, tsc, tscinvbit, avx, avx2, aes, erms, clmul, bmi1, bmi2, fma, vzeroupper, clflush

Memory: 4k page, system-wide physical 4013M (184M free)
TotalPageFile size 10526M (AvailPageFile size 4M)
current process WorkingSet (physical memory assigned to process): 108M, peak: 110M
current process commit charge ("private bytes"): 156M, peak: 161M

vm_info: OpenJDK 64-Bit Server VM (17.0.1+12) for windows-amd64 JRE (17.0.1+12), built on Oct 20 2021 07:42:55 by "" with MS VC++ 16.7 (VS2019)

END.
